# JRE version: Java(TM) SE Runtime Environment (14.0+36) (build 14+36-1461)
# Java VM: Java HotSpot(TM) 64-Bit Server VM (14+36-1461, mixed mode, sharing, tiered, compressed oops, parallel gc, windows-amd64)
Heap:
 PSYoungGen      total 10240K, used 9325K [0x00000000eab00000, 0x00000000ec180000, 0x0000000100000000)
  eden space 7680K, 88% used [0x00000000eab00000,0x00000000eb19cbd8,0x00000000eb280000)
  from space 2560K, 99% used [0x00000000eb300000,0x00000000eb57ec00,0x00000000eb580000)
  to   space 7680K, 0% used [0x00000000eba00000,0x00000000eba00000,0x00000000ec180000)
 ParOldGen       total 142336K, used 116304K [0x00000000c0000000, 0x00000000c8b00000, 0x00000000eab00000)
  object space 142336K, 81% used [0x00000000c0000000,0x00000000c71942e0,0x00000000c8b00000)
 Metaspace       used 75033K, capacity 78540K, committed 78628K, reserved 1120256K
  class space    used 7533K, capacity 8819K, committed 8832K, reserved 1048576K
GC Heap History (20 events):
Event: 3303.974 GC heap before
{Heap before GC invocations=867 (full 28):
 PSYoungGen      total 5120K, used 4896K [0x00000000eab00000, 0x00000000eb100000, 0x0000000100000000)
  eden space 4608K, 100% used [0x00000000eab00000,0x00000000eaf80000,0x00000000eaf80000)
  from space 512K, 56% used [0x00000000eaf80000,0x00000000eafc8000,0x00000000eb000000)
  to   space 512K, 0% used [0x00000000eb080000,0x00000000eb080000,0x00000000eb100000)
 ParOldGen       total 116736K, used 113463K [0x00000000c0000000, 0x00000000c7200000, 0x00000000eab00000)
  object space 116736K, 97% used [0x00000000c0000000,0x00000000c6ecde78,0x00000000c7200000)
 Metaspace       used 75002K, capacity 78540K, committed 78628K, reserved 1120256K
  class space    used 7533K, capacity 8819K, committed 8832K, reserved 1048576K
}
Event: 3303.977 GC heap after
{Heap after GC invocations=867 (full 28):
 PSYoungGen      total 5632K, used 329K [0x00000000eab00000, 0x00000000eb180000, 0x0000000100000000)
  eden space 5120K, 0% used [0x00000000eab00000,0x00000000eab00000,0x00000000eb000000)
  from space 512K, 64% used [0x00000000eb080000,0x00000000eb0d27a0,0x00000000eb100000)
  to   space 512K, 0% used [0x00000000eb000000,0x00000000eb000000,0x00000000eb080000)
 ParOldGen       total 116736K, used 113669K [0x00000000c0000000, 0x00000000c7200000, 0x00000000eab00000)
  object space 116736K, 97% used [0x00000000c0000000,0x00000000c6f01678,0x00000000c7200000)
 Metaspace       used 75002K, capacity 78540K, committed 78628K, reserved 1120256K
  class space    used 7533K, capacity 8819K, committed 8832K, reserved 1048576K
}
Event: 3304.001 GC heap before
{Heap before GC invocations=868 (full 28):
 PSYoungGen      total 5632K, used 5449K [0x00000000eab00000, 0x00000000eb180000, 0x0000000100000000)
  eden space 5120K, 100% used [0x00000000eab00000,0x00000000eb000000,0x00000000eb000000)
  from space 512K, 64% used [0x00000000eb080000,0x00000000eb0d27a0,0x00000000eb100000)
  to   space 512K, 0% used [0x00000000eb000000,0x00000000eb000000,0x00000000eb080000)
 ParOldGen       total 116736K, used 113669K [0x00000000c0000000, 0x00000000c7200000, 0x00000000eab00000)
  object space 116736K, 97% used [0x00000000c0000000,0x00000000c6f01678,0x00000000c7200000)
 Metaspace       used 75002K, capacity 78540K, committed 78628K, reserved 1120256K
  class space    used 7533K, capacity 8819K, committed 8832K, reserved 1048576K
}
Event: 3304.006 GC heap after
{Heap after GC invocations=868 (full 28):
 PSYoungGen      total 5632K, used 512K [0x00000000eab00000, 0x00000000eb400000, 0x0000000100000000)
  eden space 5120K, 0% used [0x00000000eab00000,0x00000000eab00000,0x00000000eb000000)
  from space 512K, 100% used [0x00000000eb000000,0x00000000eb080000,0x00000000eb080000)
  to   space 1536K, 0% used [0x00000000eb280000,0x00000000eb280000,0x00000000eb400000)
 ParOldGen       total 116736K, used 114103K [0x00000000c0000000, 0x00000000c7200000, 0x00000000eab00000)
  object space 116736K, 97% used [0x00000000c0000000,0x00000000c6f6dc60,0x00000000c7200000)
 Metaspace       used 75002K, capacity 78540K, committed 78628K, reserved 1120256K
  class space    used 7533K, capacity 8819K, committed 8832K, reserved 1048576K
}
Event: 3304.020 GC heap before
{Heap before GC invocations=869 (full 28):
 PSYoungGen      total 5632K, used 5631K [0x00000000eab00000, 0x00000000eb400000, 0x0000000100000000)
  eden space 5120K, 99% used [0x00000000eab00000,0x00000000eafffce0,0x00000000eb000000)
  from space 512K, 100% used [0x00000000eb000000,0x00000000eb080000,0x00000000eb080000)
  to   space 1536K, 0% used [0x00000000eb280000,0x00000000eb280000,0x00000000eb400000)
 ParOldGen       total 116736K, used 114103K [0x00000000c0000000, 0x00000000c7200000, 0x00000000eab00000)
  object space 116736K, 97% used [0x00000000c0000000,0x00000000c6f6dc60,0x00000000c7200000)
 Metaspace       used 75002K, capacity 78540K, committed 78628K, reserved 1120256K
  class space    used 7533K, capacity 8819K, committed 8832K, reserved 1048576K
}
Event: 3304.024 GC heap after
{Heap after GC invocations=869 (full 28):
 PSYoungGen      total 6656K, used 361K [0x00000000eab00000, 0x00000000eb300000, 0x0000000100000000)
  eden space 6144K, 0% used [0x00000000eab00000,0x00000000eab00000,0x00000000eb100000)
  from space 512K, 70% used [0x00000000eb280000,0x00000000eb2da7a0,0x00000000eb300000)
  to   space 1024K, 0% used [0x00000000eb100000,0x00000000eb100000,0x00000000eb200000)
 ParOldGen       total 116736K, used 114617K [0x00000000c0000000, 0x00000000c7200000, 0x00000000eab00000)
  object space 116736K, 98% used [0x00000000c0000000,0x00000000c6fee720,0x00000000c7200000)
 Metaspace       used 75002K, capacity 78540K, committed 78628K, reserved 1120256K
  class space    used 7533K, capacity 8819K, committed 8832K, reserved 1048576K
}
Event: 3304.057 GC heap before
{Heap before GC invocations=870 (full 28):
 PSYoungGen      total 6656K, used 6505K [0x00000000eab00000, 0x00000000eb300000, 0x0000000100000000)
  eden space 6144K, 100% used [0x00000000eab00000,0x00000000eb100000,0x00000000eb100000)
  from space 512K, 70% used [0x00000000eb280000,0x00000000eb2da7a0,0x00000000eb300000)
  to   space 1024K, 0% used [0x00000000eb100000,0x00000000eb100000,0x00000000eb200000)
 ParOldGen       total 116736K, used 114617K [0x00000000c0000000, 0x00000000c7200000, 0x00000000eab00000)
  object space 116736K, 98% used [0x00000000c0000000,0x00000000c6fee720,0x00000000c7200000)
 Metaspace       used 75007K, capacity 78540K, committed 78628K, reserved 1120256K
  class space    used 7533K, capacity 8819K, committed 8832K, reserved 1048576K
}
Event: 3304.061 GC heap after
{Heap after GC invocations=870 (full 28):
 PSYoungGen      total 7168K, used 885K [0x00000000eab00000, 0x00000000eb480000, 0x0000000100000000)
  eden space 6144K, 0% used [0x00000000eab00000,0x00000000eab00000,0x00000000eb100000)
  from space 1024K, 86% used [0x00000000eb100000,0x00000000eb1dd598,0x00000000eb200000)
  to   space 1024K, 0% used [0x00000000eb380000,0x00000000eb380000,0x00000000eb480000)
 ParOldGen       total 116736K, used 114939K [0x00000000c0000000, 0x00000000c7200000, 0x00000000eab00000)
  object space 116736K, 98% used [0x00000000c0000000,0x00000000c703eee0,0x00000000c7200000)
 Metaspace       used 75007K, capacity 78540K, committed 78628K, reserved 1120256K
  class space    used 7533K, capacity 8819K, committed 8832K, reserved 1048576K
}
Event: 3304.099 GC heap before
{Heap before GC invocations=871 (full 28):
 PSYoungGen      total 7168K, used 7029K [0x00000000eab00000, 0x00000000eb480000, 0x0000000100000000)
  eden space 6144K, 100% used [0x00000000eab00000,0x00000000eb100000,0x00000000eb100000)
  from space 1024K, 86% used [0x00000000eb100000,0x00000000eb1dd598,0x00000000eb200000)
  to   space 1024K, 0% used [0x00000000eb380000,0x00000000eb380000,0x00000000eb480000)
 ParOldGen       total 116736K, used 114939K [0x00000000c0000000, 0x00000000c7200000, 0x00000000eab00000)
  object space 116736K, 98% used [0x00000000c0000000,0x00000000c703eee0,0x00000000c7200000)
 Metaspace       used 75007K, capacity 78540K, committed 78628K, reserved 1120256K
  class space    used 7533K, capacity 8819K, committed 8832K, reserved 1048576K
}
Event: 3304.104 GC heap after
{Heap after GC invocations=871 (full 28):
 PSYoungGen      total 8704K, used 704K [0x00000000eab00000, 0x00000000eb480000, 0x0000000100000000)
  eden space 7680K, 0% used [0x00000000eab00000,0x00000000eab00000,0x00000000eb280000)
  from space 1024K, 68% used [0x00000000eb380000,0x00000000eb430288,0x00000000eb480000)
  to   space 1024K, 0% used [0x00000000eb280000,0x00000000eb280000,0x00000000eb380000)
 ParOldGen       total 116736K, used 115748K [0x00000000c0000000, 0x00000000c7200000, 0x00000000eab00000)
  object space 116736K, 99% used [0x00000000c0000000,0x00000000c71093a8,0x00000000c7200000)
 Metaspace       used 75007K, capacity 78540K, committed 78628K, reserved 1120256K
  class space    used 7533K, capacity 8819K, committed 8832K, reserved 1048576K
}
Event: 3304.119 GC heap before
{Heap before GC invocations=872 (full 28):
 PSYoungGen      total 8704K, used 8384K [0x00000000eab00000, 0x00000000eb480000, 0x0000000100000000)
  eden space 7680K, 100% used [0x00000000eab00000,0x00000000eb280000,0x00000000eb280000)
  from space 1024K, 68% used [0x00000000eb380000,0x00000000eb430288,0x00000000eb480000)
  to   space 1024K, 0% used [0x00000000eb280000,0x00000000eb280000,0x00000000eb380000)
 ParOldGen       total 116736K, used 115748K [0x00000000c0000000, 0x00000000c7200000, 0x00000000eab00000)
  object space 116736K, 99% used [0x00000000c0000000,0x00000000c71093a8,0x00000000c7200000)
 Metaspace       used 75007K, capacity 78540K, committed 78628K, reserved 1120256K
  class space    used 7533K, capacity 8819K, committed 8832K, reserved 1048576K
}
Event: 3304.122 GC heap after
{Heap after GC invocations=872 (full 28):
 PSYoungGen      total 8704K, used 265K [0x00000000eab00000, 0x00000000eb500000, 0x0000000100000000)
  eden space 7680K, 0% used [0x00000000eab00000,0x00000000eab00000,0x00000000eb280000)
  from space 1024K, 25% used [0x00000000eb280000,0x00000000eb2c27a0,0x00000000eb380000)
  to   space 512K, 0% used [0x00000000eb480000,0x00000000eb480000,0x00000000eb500000)
 ParOldGen       total 116736K, used 116357K [0x00000000c0000000, 0x00000000c7200000, 0x00000000eab00000)
  object space 116736K, 99% used [0x00000000c0000000,0x00000000c71a1650,0x00000000c7200000)
 Metaspace       used 75007K, capacity 78540K, committed 78628K, reserved 1120256K
  class space    used 7533K, capacity 8819K, committed 8832K, reserved 1048576K
}
Event: 3304.122 GC heap before
{Heap before GC invocations=873 (full 29):
 PSYoungGen      total 8704K, used 265K [0x00000000eab00000, 0x00000000eb500000, 0x0000000100000000)
  eden space 7680K, 0% used [0x00000000eab00000,0x00000000eab00000,0x00000000eb280000)
  from space 1024K, 25% used [0x00000000eb280000,0x00000000eb2c27a0,0x00000000eb380000)
  to   space 512K, 0% used [0x00000000eb480000,0x00000000eb480000,0x00000000eb500000)
 ParOldGen       total 116736K, used 116357K [0x00000000c0000000, 0x00000000c7200000, 0x00000000eab00000)
  object space 116736K, 99% used [0x00000000c0000000,0x00000000c71a1650,0x00000000c7200000)
 Metaspace       used 75007K, capacity 78540K, committed 78628K, reserved 1120256K
  class space    used 7533K, capacity 8819K, committed 8832K, reserved 1048576K
}
Event: 3304.399 GC heap after
{Heap after GC invocations=873 (full 29):
 PSYoungGen      total 9728K, used 0K [0x00000000eab00000, 0x00000000eb500000, 0x0000000100000000)
  eden space 9216K, 0% used [0x00000000eab00000,0x00000000eab00000,0x00000000eb400000)
  from space 512K, 0% used [0x00000000eb480000,0x00000000eb480000,0x00000000eb500000)
  to   space 512K, 0% used [0x00000000eb400000,0x00000000eb400000,0x00000000eb480000)
 ParOldGen       total 142336K, used 105509K [0x00000000c0000000, 0x00000000c8b00000, 0x00000000eab00000)
  object space 142336K, 74% used [0x00000000c0000000,0x00000000c67097e0,0x00000000c8b00000)
 Metaspace       used 75007K, capacity 78540K, committed 78628K, reserved 1120256K
  class space    used 7533K, capacity 8819K, committed 8832K, reserved 1048576K
}
Event: 3304.458 GC heap before
{Heap before GC invocations=874 (full 29):
 PSYoungGen      total 9728K, used 9153K [0x00000000eab00000, 0x00000000eb500000, 0x0000000100000000)
  eden space 9216K, 99% used [0x00000000eab00000,0x00000000eb3f0698,0x00000000eb400000)
  from space 512K, 0% used [0x00000000eb480000,0x00000000eb480000,0x00000000eb500000)
  to   space 512K, 0% used [0x00000000eb400000,0x00000000eb400000,0x00000000eb480000)
 ParOldGen       total 142336K, used 105509K [0x00000000c0000000, 0x00000000c8b00000, 0x00000000eab00000)
  object space 142336K, 74% used [0x00000000c0000000,0x00000000c67097e0,0x00000000c8b00000)
 Metaspace       used 75009K, capacity 78540K, committed 78628K, reserved 1120256K
  class space    used 7533K, capacity 8819K, committed 8832K, reserved 1048576K
}
Event: 3304.464 GC heap after
{Heap after GC invocations=874 (full 29):
 PSYoungGen      total 9728K, used 512K [0x00000000eab00000, 0x00000000eb980000, 0x0000000100000000)
  eden space 9216K, 0% used [0x00000000eab00000,0x00000000eab00000,0x00000000eb400000)
  from space 512K, 100% used [0x00000000eb400000,0x00000000eb480000,0x00000000eb480000)
  to   space 2048K, 0% used [0x00000000eb780000,0x00000000eb780000,0x00000000eb980000)
 ParOldGen       total 142336K, used 106459K [0x00000000c0000000, 0x00000000c8b00000, 0x00000000eab00000)
  object space 142336K, 74% used [0x00000000c0000000,0x00000000c67f6f10,0x00000000c8b00000)
 Metaspace       used 75009K, capacity 78540K, committed 78628K, reserved 1120256K
  class space    used 7533K, capacity 8819K, committed 8832K, reserved 1048576K
}
Event: 3304.564 GC heap before
{Heap before GC invocations=875 (full 29):
 PSYoungGen      total 9728K, used 9728K [0x00000000eab00000, 0x00000000eb980000, 0x0000000100000000)
  eden space 9216K, 100% used [0x00000000eab00000,0x00000000eb400000,0x00000000eb400000)
  from space 512K, 100% used [0x00000000eb400000,0x00000000eb480000,0x00000000eb480000)
  to   space 2048K, 0% used [0x00000000eb780000,0x00000000eb780000,0x00000000eb980000)
 ParOldGen       total 142336K, used 106459K [0x00000000c0000000, 0x00000000c8b00000, 0x00000000eab00000)
  object space 142336K, 74% used [0x00000000c0000000,0x00000000c67f6f10,0x00000000c8b00000)
 Metaspace       used 75011K, capacity 78540K, committed 78628K, reserved 1120256K
  class space    used 7533K, capacity 8819K, committed 8832K, reserved 1048576K
}
Event: 3304.570 GC heap after
{Heap after GC invocations=875 (full 29):
 PSYoungGen      total 9728K, used 2017K [0x00000000eab00000, 0x00000000ebe00000, 0x0000000100000000)
  eden space 7680K, 0% used [0x00000000eab00000,0x00000000eab00000,0x00000000eb280000)
  from space 2048K, 98% used [0x00000000eb780000,0x00000000eb978470,0x00000000eb980000)
  to   space 5120K, 0% used [0x00000000eb280000,0x00000000eb280000,0x00000000eb780000)
 ParOldGen       total 142336K, used 108897K [0x00000000c0000000, 0x00000000c8b00000, 0x00000000eab00000)
  object space 142336K, 76% used [0x00000000c0000000,0x00000000c6a58708,0x00000000c8b00000)
 Metaspace       used 75011K, capacity 78540K, committed 78628K, reserved 1120256K
  class space    used 7533K, capacity 8819K, committed 8832K, reserved 1048576K
}
Event: 3304.651 GC heap before
{Heap before GC invocations=876 (full 29):
 PSYoungGen      total 9728K, used 9693K [0x00000000eab00000, 0x00000000ebe00000, 0x0000000100000000)
  eden space 7680K, 99% used [0x00000000eab00000,0x00000000eb27f2c0,0x00000000eb280000)
  from space 2048K, 98% used [0x00000000eb780000,0x00000000eb978470,0x00000000eb980000)
  to   space 5120K, 0% used [0x00000000eb280000,0x00000000eb280000,0x00000000eb780000)
 ParOldGen       total 142336K, used 108897K [0x00000000c0000000, 0x00000000c8b00000, 0x00000000eab00000)
  object space 142336K, 76% used [0x00000000c0000000,0x00000000c6a58708,0x00000000c8b00000)
 Metaspace       used 75012K, capacity 78540K, committed 78628K, reserved 1120256K
  class space    used 7533K, capacity 8819K, committed 8832K, reserved 1048576K
}
Event: 3304.656 GC heap after
{Heap after GC invocations=876 (full 29):
 PSYoungGen      total 9728K, used 2019K [0x00000000eab00000, 0x00000000eb880000, 0x0000000100000000)
  eden space 7680K, 0% used [0x00000000eab00000,0x00000000eab00000,0x00000000eb280000)
  from space 2048K, 98% used [0x00000000eb280000,0x00000000eb478d00,0x00000000eb480000)
  to   space 3072K, 0% used [0x00000000eb580000,0x00000000eb580000,0x00000000eb880000)
 ParOldGen       total 142336K, used 110391K [0x00000000c0000000, 0x00000000c8b00000, 0x00000000eab00000)
  object space 142336K, 77% used [0x00000000c0000000,0x00000000c6bcde68,0x00000000c8b00000)
 Metaspace       used 75012K, capacity 78540K, committed 78628K, reserved 1120256K
  class space    used 7533K, capacity 8819K, committed 8832K, reserved 1048576K
}

