# JRE version: Java(TM) SE Runtime Environment (14.0+36) (build 14+36-1461)
# Java VM: Java HotSpot(TM) 64-Bit Server VM (14+36-1461, mixed mode, sharing, tiered, compressed oops, parallel gc, windows-amd64)
Heap:
 PSYoungGen      total 4096K, used 3046K [0x00000000eab00000, 0x00000000eb100000, 0x0000000100000000)
  eden space 3584K, 71% used [0x00000000eab00000,0x00000000ead7da90,0x00000000eae80000)
  from space 512K, 96% used [0x00000000eae80000,0x00000000eaefc010,0x00000000eaf00000)
  to   space 1024K, 0% used [0x00000000eb000000,0x00000000eb000000,0x00000000eb100000)
 ParOldGen       total 113664K, used 81701K [0x00000000c0000000, 0x00000000c6f00000, 0x00000000eab00000)
  object space 113664K, 71% used [0x00000000c0000000,0x00000000c4fc95c0,0x00000000c6f00000)
 Metaspace       used 80455K, capacity 83948K, committed 84056K, reserved 1124352K
  class space    used 7694K, capacity 8951K, committed 9048K, reserved 1048576K
GC Heap History (20 events):
Event: 3485.270 GC heap before
{Heap before GC invocations=5621 (full 146):
 PSYoungGen      total 4096K, used 4085K [0x00000000eab00000, 0x00000000eb180000, 0x0000000100000000)
  eden space 3584K, 100% used [0x00000000eab00000,0x00000000eae80000,0x00000000eae80000)
  from space 512K, 97% used [0x00000000eb000000,0x00000000eb07d5f8,0x00000000eb080000)
  to   space 1024K, 0% used [0x00000000eb080000,0x00000000eb080000,0x00000000eb180000)
 ParOldGen       total 113664K, used 78869K [0x00000000c0000000, 0x00000000c6f00000, 0x00000000eab00000)
  object space 113664K, 69% used [0x00000000c0000000,0x00000000c4d05748,0x00000000c6f00000)
 Metaspace       used 80455K, capacity 83948K, committed 84056K, reserved 1124352K
  class space    used 7694K, capacity 8951K, committed 9048K, reserved 1048576K
}
Event: 3485.274 GC heap after
{Heap after GC invocations=5621 (full 146):
 PSYoungGen      total 4608K, used 773K [0x00000000eab00000, 0x00000000eb180000, 0x0000000100000000)
  eden space 3584K, 0% used [0x00000000eab00000,0x00000000eab00000,0x00000000eae80000)
  from space 1024K, 75% used [0x00000000eb080000,0x00000000eb141608,0x00000000eb180000)
  to   space 1024K, 0% used [0x00000000eaf80000,0x00000000eaf80000,0x00000000eb080000)
 ParOldGen       total 113664K, used 79355K [0x00000000c0000000, 0x00000000c6f00000, 0x00000000eab00000)
  object space 113664K, 69% used [0x00000000c0000000,0x00000000c4d7ec38,0x00000000c6f00000)
 Metaspace       used 80455K, capacity 83948K, committed 84056K, reserved 1124352K
  class space    used 7694K, capacity 8951K, committed 9048K, reserved 1048576K
}
Event: 3485.308 GC heap before
{Heap before GC invocations=5622 (full 146):
 PSYoungGen      total 4608K, used 4357K [0x00000000eab00000, 0x00000000eb180000, 0x0000000100000000)
  eden space 3584K, 100% used [0x00000000eab00000,0x00000000eae80000,0x00000000eae80000)
  from space 1024K, 75% used [0x00000000eb080000,0x00000000eb141608,0x00000000eb180000)
  to   space 1024K, 0% used [0x00000000eaf80000,0x00000000eaf80000,0x00000000eb080000)
 ParOldGen       total 113664K, used 79355K [0x00000000c0000000, 0x00000000c6f00000, 0x00000000eab00000)
  object space 113664K, 69% used [0x00000000c0000000,0x00000000c4d7ec38,0x00000000c6f00000)
 Metaspace       used 80455K, capacity 83948K, committed 84056K, reserved 1124352K
  class space    used 7694K, capacity 8951K, committed 9048K, reserved 1048576K
}
Event: 3485.310 GC heap after
{Heap after GC invocations=5622 (full 146):
 PSYoungGen      total 4608K, used 213K [0x00000000eab00000, 0x00000000eb100000, 0x0000000100000000)
  eden space 3584K, 0% used [0x00000000eab00000,0x00000000eab00000,0x00000000eae80000)
  from space 1024K, 20% used [0x00000000eaf80000,0x00000000eafb55f8,0x00000000eb080000)
  to   space 512K, 0% used [0x00000000eb080000,0x00000000eb080000,0x00000000eb100000)
 ParOldGen       total 113664K, used 79611K [0x00000000c0000000, 0x00000000c6f00000, 0x00000000eab00000)
  object space 113664K, 70% used [0x00000000c0000000,0x00000000c4dbec38,0x00000000c6f00000)
 Metaspace       used 80455K, capacity 83948K, committed 84056K, reserved 1124352K
  class space    used 7694K, capacity 8951K, committed 9048K, reserved 1048576K
}
Event: 3485.334 GC heap before
{Heap before GC invocations=5623 (full 146):
 PSYoungGen      total 4608K, used 3797K [0x00000000eab00000, 0x00000000eb100000, 0x0000000100000000)
  eden space 3584K, 100% used [0x00000000eab00000,0x00000000eae80000,0x00000000eae80000)
  from space 1024K, 20% used [0x00000000eaf80000,0x00000000eafb55f8,0x00000000eb080000)
  to   space 512K, 0% used [0x00000000eb080000,0x00000000eb080000,0x00000000eb100000)
 ParOldGen       total 113664K, used 79611K [0x00000000c0000000, 0x00000000c6f00000, 0x00000000eab00000)
  object space 113664K, 70% used [0x00000000c0000000,0x00000000c4dbec38,0x00000000c6f00000)
 Metaspace       used 80455K, capacity 83948K, committed 84056K, reserved 1124352K
  class space    used 7694K, capacity 8951K, committed 9048K, reserved 1048576K
}
Event: 3485.336 GC heap after
{Heap after GC invocations=5623 (full 146):
 PSYoungGen      total 4096K, used 96K [0x00000000eab00000, 0x00000000eb100000, 0x0000000100000000)
  eden space 3584K, 0% used [0x00000000eab00000,0x00000000eab00000,0x00000000eae80000)
  from space 512K, 18% used [0x00000000eb080000,0x00000000eb098000,0x00000000eb100000)
  to   space 512K, 0% used [0x00000000eb000000,0x00000000eb000000,0x00000000eb080000)
 ParOldGen       total 113664K, used 79752K [0x00000000c0000000, 0x00000000c6f00000, 0x00000000eab00000)
  object space 113664K, 70% used [0x00000000c0000000,0x00000000c4de2230,0x00000000c6f00000)
 Metaspace       used 80455K, capacity 83948K, committed 84056K, reserved 1124352K
  class space    used 7694K, capacity 8951K, committed 9048K, reserved 1048576K
}
Event: 3485.360 GC heap before
{Heap before GC invocations=5624 (full 146):
 PSYoungGen      total 4096K, used 3680K [0x00000000eab00000, 0x00000000eb100000, 0x0000000100000000)
  eden space 3584K, 100% used [0x00000000eab00000,0x00000000eae80000,0x00000000eae80000)
  from space 512K, 18% used [0x00000000eb080000,0x00000000eb098000,0x00000000eb100000)
  to   space 512K, 0% used [0x00000000eb000000,0x00000000eb000000,0x00000000eb080000)
 ParOldGen       total 113664K, used 79752K [0x00000000c0000000, 0x00000000c6f00000, 0x00000000eab00000)
  object space 113664K, 70% used [0x00000000c0000000,0x00000000c4de2230,0x00000000c6f00000)
 Metaspace       used 80455K, capacity 83948K, committed 84056K, reserved 1124352K
  class space    used 7694K, capacity 8951K, committed 9048K, reserved 1048576K
}
Event: 3485.362 GC heap after
{Heap after GC invocations=5624 (full 146):
 PSYoungGen      total 4096K, used 128K [0x00000000eab00000, 0x00000000eb100000, 0x0000000100000000)
  eden space 3584K, 0% used [0x00000000eab00000,0x00000000eab00000,0x00000000eae80000)
  from space 512K, 25% used [0x00000000eb000000,0x00000000eb020000,0x00000000eb080000)
  to   space 512K, 0% used [0x00000000eb080000,0x00000000eb080000,0x00000000eb100000)
 ParOldGen       total 113664K, used 79768K [0x00000000c0000000, 0x00000000c6f00000, 0x00000000eab00000)
  object space 113664K, 70% used [0x00000000c0000000,0x00000000c4de6230,0x00000000c6f00000)
 Metaspace       used 80455K, capacity 83948K, committed 84056K, reserved 1124352K
  class space    used 7694K, capacity 8951K, committed 9048K, reserved 1048576K
}
Event: 3485.386 GC heap before
{Heap before GC invocations=5625 (full 146):
 PSYoungGen      total 4096K, used 3712K [0x00000000eab00000, 0x00000000eb100000, 0x0000000100000000)
  eden space 3584K, 100% used [0x00000000eab00000,0x00000000eae80000,0x00000000eae80000)
  from space 512K, 25% used [0x00000000eb000000,0x00000000eb020000,0x00000000eb080000)
  to   space 512K, 0% used [0x00000000eb080000,0x00000000eb080000,0x00000000eb100000)
 ParOldGen       total 113664K, used 79768K [0x00000000c0000000, 0x00000000c6f00000, 0x00000000eab00000)
  object space 113664K, 70% used [0x00000000c0000000,0x00000000c4de6230,0x00000000c6f00000)
 Metaspace       used 80455K, capacity 83948K, committed 84056K, reserved 1124352K
  class space    used 7694K, capacity 8951K, committed 9048K, reserved 1048576K
}
Event: 3485.388 GC heap after
{Heap after GC invocations=5625 (full 146):
 PSYoungGen      total 4096K, used 96K [0x00000000eab00000, 0x00000000eb100000, 0x0000000100000000)
  eden space 3584K, 0% used [0x00000000eab00000,0x00000000eab00000,0x00000000eae80000)
  from space 512K, 18% used [0x00000000eb080000,0x00000000eb098000,0x00000000eb100000)
  to   space 512K, 0% used [0x00000000eb000000,0x00000000eb000000,0x00000000eb080000)
 ParOldGen       total 113664K, used 79784K [0x00000000c0000000, 0x00000000c6f00000, 0x00000000eab00000)
  object space 113664K, 70% used [0x00000000c0000000,0x00000000c4dea230,0x00000000c6f00000)
 Metaspace       used 80455K, capacity 83948K, committed 84056K, reserved 1124352K
  class space    used 7694K, capacity 8951K, committed 9048K, reserved 1048576K
}
Event: 3485.412 GC heap before
{Heap before GC invocations=5626 (full 146):
 PSYoungGen      total 4096K, used 3680K [0x00000000eab00000, 0x00000000eb100000, 0x0000000100000000)
  eden space 3584K, 100% used [0x00000000eab00000,0x00000000eae80000,0x00000000eae80000)
  from space 512K, 18% used [0x00000000eb080000,0x00000000eb098000,0x00000000eb100000)
  to   space 512K, 0% used [0x00000000eb000000,0x00000000eb000000,0x00000000eb080000)
 ParOldGen       total 113664K, used 79784K [0x00000000c0000000, 0x00000000c6f00000, 0x00000000eab00000)
  object space 113664K, 70% used [0x00000000c0000000,0x00000000c4dea230,0x00000000c6f00000)
 Metaspace       used 80455K, capacity 83948K, committed 84056K, reserved 1124352K
  class space    used 7694K, capacity 8951K, committed 9048K, reserved 1048576K
}
Event: 3485.414 GC heap after
{Heap after GC invocations=5626 (full 146):
 PSYoungGen      total 4096K, used 128K [0x00000000eab00000, 0x00000000eb100000, 0x0000000100000000)
  eden space 3584K, 0% used [0x00000000eab00000,0x00000000eab00000,0x00000000eae80000)
  from space 512K, 25% used [0x00000000eb000000,0x00000000eb020000,0x00000000eb080000)
  to   space 512K, 0% used [0x00000000eb080000,0x00000000eb080000,0x00000000eb100000)
 ParOldGen       total 113664K, used 79800K [0x00000000c0000000, 0x00000000c6f00000, 0x00000000eab00000)
  object space 113664K, 70% used [0x00000000c0000000,0x00000000c4dee230,0x00000000c6f00000)
 Metaspace       used 80455K, capacity 83948K, committed 84056K, reserved 1124352K
  class space    used 7694K, capacity 8951K, committed 9048K, reserved 1048576K
}
Event: 3485.590 GC heap before
{Heap before GC invocations=5627 (full 146):
 PSYoungGen      total 4096K, used 3712K [0x00000000eab00000, 0x00000000eb100000, 0x0000000100000000)
  eden space 3584K, 100% used [0x00000000eab00000,0x00000000eae80000,0x00000000eae80000)
  from space 512K, 25% used [0x00000000eb000000,0x00000000eb020000,0x00000000eb080000)
  to   space 512K, 0% used [0x00000000eb080000,0x00000000eb080000,0x00000000eb100000)
 ParOldGen       total 113664K, used 79800K [0x00000000c0000000, 0x00000000c6f00000, 0x00000000eab00000)
  object space 113664K, 70% used [0x00000000c0000000,0x00000000c4dee230,0x00000000c6f00000)
 Metaspace       used 80455K, capacity 83948K, committed 84056K, reserved 1124352K
  class space    used 7694K, capacity 8951K, committed 9048K, reserved 1048576K
}
Event: 3485.591 GC heap after
{Heap after GC invocations=5627 (full 146):
 PSYoungGen      total 4096K, used 128K [0x00000000eab00000, 0x00000000eb100000, 0x0000000100000000)
  eden space 3584K, 0% used [0x00000000eab00000,0x00000000eab00000,0x00000000eae80000)
  from space 512K, 25% used [0x00000000eb080000,0x00000000eb0a0000,0x00000000eb100000)
  to   space 512K, 0% used [0x00000000eb000000,0x00000000eb000000,0x00000000eb080000)
 ParOldGen       total 113664K, used 79808K [0x00000000c0000000, 0x00000000c6f00000, 0x00000000eab00000)
  object space 113664K, 70% used [0x00000000c0000000,0x00000000c4df0230,0x00000000c6f00000)
 Metaspace       used 80455K, capacity 83948K, committed 84056K, reserved 1124352K
  class space    used 7694K, capacity 8951K, committed 9048K, reserved 1048576K
}
Event: 3485.627 GC heap before
{Heap before GC invocations=5628 (full 146):
 PSYoungGen      total 4096K, used 3712K [0x00000000eab00000, 0x00000000eb100000, 0x0000000100000000)
  eden space 3584K, 100% used [0x00000000eab00000,0x00000000eae80000,0x00000000eae80000)
  from space 512K, 25% used [0x00000000eb080000,0x00000000eb0a0000,0x00000000eb100000)
  to   space 512K, 0% used [0x00000000eb000000,0x00000000eb000000,0x00000000eb080000)
 ParOldGen       total 113664K, used 79808K [0x00000000c0000000, 0x00000000c6f00000, 0x00000000eab00000)
  object space 113664K, 70% used [0x00000000c0000000,0x00000000c4df0230,0x00000000c6f00000)
 Metaspace       used 80455K, capacity 83948K, committed 84056K, reserved 1124352K
  class space    used 7694K, capacity 8951K, committed 9048K, reserved 1048576K
}
Event: 3485.630 GC heap after
{Heap after GC invocations=5628 (full 146):
 PSYoungGen      total 4096K, used 485K [0x00000000eab00000, 0x00000000eb100000, 0x0000000100000000)
  eden space 3584K, 0% used [0x00000000eab00000,0x00000000eab00000,0x00000000eae80000)
  from space 512K, 94% used [0x00000000eb000000,0x00000000eb079608,0x00000000eb080000)
  to   space 512K, 0% used [0x00000000eb080000,0x00000000eb080000,0x00000000eb100000)
 ParOldGen       total 113664K, used 80102K [0x00000000c0000000, 0x00000000c6f00000, 0x00000000eab00000)
  object space 113664K, 70% used [0x00000000c0000000,0x00000000c4e39820,0x00000000c6f00000)
 Metaspace       used 80455K, capacity 83948K, committed 84056K, reserved 1124352K
  class space    used 7694K, capacity 8951K, committed 9048K, reserved 1048576K
}
Event: 3485.664 GC heap before
{Heap before GC invocations=5629 (full 146):
 PSYoungGen      total 4096K, used 4069K [0x00000000eab00000, 0x00000000eb100000, 0x0000000100000000)
  eden space 3584K, 99% used [0x00000000eab00000,0x00000000eae7fff8,0x00000000eae80000)
  from space 512K, 94% used [0x00000000eb000000,0x00000000eb079608,0x00000000eb080000)
  to   space 512K, 0% used [0x00000000eb080000,0x00000000eb080000,0x00000000eb100000)
 ParOldGen       total 113664K, used 80102K [0x00000000c0000000, 0x00000000c6f00000, 0x00000000eab00000)
  object space 113664K, 70% used [0x00000000c0000000,0x00000000c4e39820,0x00000000c6f00000)
 Metaspace       used 80455K, capacity 83948K, committed 84056K, reserved 1124352K
  class space    used 7694K, capacity 8951K, committed 9048K, reserved 1048576K
}
Event: 3485.668 GC heap after
{Heap after GC invocations=5629 (full 146):
 PSYoungGen      total 4096K, used 512K [0x00000000eab00000, 0x00000000eb280000, 0x0000000100000000)
  eden space 3584K, 0% used [0x00000000eab00000,0x00000000eab00000,0x00000000eae80000)
  from space 512K, 100% used [0x00000000eb080000,0x00000000eb100000,0x00000000eb100000)
  to   space 2048K, 0% used [0x00000000eae80000,0x00000000eae80000,0x00000000eb080000)
 ParOldGen       total 113664K, used 81175K [0x00000000c0000000, 0x00000000c6f00000, 0x00000000eab00000)
  object space 113664K, 71% used [0x00000000c0000000,0x00000000c4f45f40,0x00000000c6f00000)
 Metaspace       used 80455K, capacity 83948K, committed 84056K, reserved 1124352K
  class space    used 7694K, capacity 8951K, committed 9048K, reserved 1048576K
}
Event: 3485.721 GC heap before
{Heap before GC invocations=5630 (full 146):
 PSYoungGen      total 4096K, used 4096K [0x00000000eab00000, 0x00000000eb280000, 0x0000000100000000)
  eden space 3584K, 100% used [0x00000000eab00000,0x00000000eae80000,0x00000000eae80000)
  from space 512K, 100% used [0x00000000eb080000,0x00000000eb100000,0x00000000eb100000)
  to   space 2048K, 0% used [0x00000000eae80000,0x00000000eae80000,0x00000000eb080000)
 ParOldGen       total 113664K, used 81175K [0x00000000c0000000, 0x00000000c6f00000, 0x00000000eab00000)
  object space 113664K, 71% used [0x00000000c0000000,0x00000000c4f45f40,0x00000000c6f00000)
 Metaspace       used 80455K, capacity 83948K, committed 84056K, reserved 1124352K
  class space    used 7694K, capacity 8951K, committed 9048K, reserved 1048576K
}
Event: 3485.726 GC heap after
{Heap after GC invocations=5630 (full 146):
 PSYoungGen      total 4096K, used 496K [0x00000000eab00000, 0x00000000eb100000, 0x0000000100000000)
  eden space 3584K, 0% used [0x00000000eab00000,0x00000000eab00000,0x00000000eae80000)
  from space 512K, 96% used [0x00000000eae80000,0x00000000eaefc010,0x00000000eaf00000)
  to   space 1024K, 0% used [0x00000000eb000000,0x00000000eb000000,0x00000000eb100000)
 ParOldGen       total 113664K, used 81701K [0x00000000c0000000, 0x00000000c6f00000, 0x00000000eab00000)
  object space 113664K, 71% used [0x00000000c0000000,0x00000000c4fc95c0,0x00000000c6f00000)
 Metaspace       used 80455K, capacity 83948K, committed 84056K, reserved 1124352K
  class space    used 7694K, capacity 8951K, committed 9048K, reserved 1048576K
}

