# JRE version: Java(TM) SE Runtime Environment (14.0+36) (build 14+36-1461)
# Java VM: Java HotSpot(TM) 64-Bit Server VM (14+36-1461, mixed mode, sharing, tiered, compressed oops, parallel gc, windows-amd64)
Heap:
 PSYoungGen      total 8704K, used 6281K [0x00000000eab00000, 0x00000000eba80000, 0x0000000100000000)
  eden space 4608K, 48% used [0x00000000eab00000,0x00000000ead2a7c0,0x00000000eaf80000)
  from space 4096K, 99% used [0x00000000eb480000,0x00000000eb878028,0x00000000eb880000)
  to   space 5120K, 0% used [0x00000000eaf80000,0x00000000eaf80000,0x00000000eb480000)
 ParOldGen       total 157696K, used 109440K [0x00000000c0000000, 0x00000000c9a00000, 0x00000000eab00000)
  object space 157696K, 69% used [0x00000000c0000000,0x00000000c6ae0260,0x00000000c9a00000)
 Metaspace       used 77413K, capacity 80962K, committed 81300K, reserved 1122304K
  class space    used 7604K, capacity 8864K, committed 8920K, reserved 1048576K
GC Heap History (20 events):
Event: 63228.992 GC heap before
{Heap before GC invocations=2918 (full 73):
 PSYoungGen      total 4096K, used 4071K [0x00000000eab00000, 0x00000000ebd00000, 0x0000000100000000)
  eden space 512K, 99% used [0x00000000eab00000,0x00000000eab7ff30,0x00000000eab80000)
  from space 3584K, 99% used [0x00000000eb280000,0x00000000eb5fa070,0x00000000eb600000)
  to   space 7168K, 0% used [0x00000000eab80000,0x00000000eab80000,0x00000000eb280000)
 ParOldGen       total 120320K, used 102379K [0x00000000c0000000, 0x00000000c7580000, 0x00000000eab00000)
  object space 120320K, 85% used [0x00000000c0000000,0x00000000c63fad90,0x00000000c7580000)
 Metaspace       used 77350K, capacity 80897K, committed 81300K, reserved 1122304K
  class space    used 7604K, capacity 8864K, committed 8920K, reserved 1048576K
}
Event: 63229.004 GC heap after
{Heap after GC invocations=2918 (full 73):
 PSYoungGen      total 1024K, used 512K [0x00000000eab00000, 0x00000000eb300000, 0x0000000100000000)
  eden space 512K, 0% used [0x00000000eab00000,0x00000000eab00000,0x00000000eab80000)
  from space 512K, 100% used [0x00000000eab80000,0x00000000eac00000,0x00000000eac00000)
  to   space 3072K, 0% used [0x00000000eb000000,0x00000000eb000000,0x00000000eb300000)
 ParOldGen       total 120320K, used 105973K [0x00000000c0000000, 0x00000000c7580000, 0x00000000eab00000)
  object space 120320K, 88% used [0x00000000c0000000,0x00000000c677d410,0x00000000c7580000)
 Metaspace       used 77350K, capacity 80897K, committed 81300K, reserved 1122304K
  class space    used 7604K, capacity 8864K, committed 8920K, reserved 1048576K
}
Event: 63229.008 GC heap before
{Heap before GC invocations=2919 (full 73):
 PSYoungGen      total 1024K, used 1023K [0x00000000eab00000, 0x00000000eb300000, 0x0000000100000000)
  eden space 512K, 99% used [0x00000000eab00000,0x00000000eab7fea0,0x00000000eab80000)
  from space 512K, 100% used [0x00000000eab80000,0x00000000eac00000,0x00000000eac00000)
  to   space 3072K, 0% used [0x00000000eb000000,0x00000000eb000000,0x00000000eb300000)
 ParOldGen       total 120320K, used 105973K [0x00000000c0000000, 0x00000000c7580000, 0x00000000eab00000)
  object space 120320K, 88% used [0x00000000c0000000,0x00000000c677d410,0x00000000c7580000)
 Metaspace       used 77350K, capacity 80897K, committed 81300K, reserved 1122304K
  class space    used 7604K, capacity 8864K, committed 8920K, reserved 1048576K
}
Event: 63229.013 GC heap after
{Heap after GC invocations=2919 (full 73):
 PSYoungGen      total 1536K, used 449K [0x00000000eab00000, 0x00000000eb080000, 0x0000000100000000)
  eden space 1024K, 0% used [0x00000000eab00000,0x00000000eab00000,0x00000000eac00000)
  from space 512K, 87% used [0x00000000eb000000,0x00000000eb0704a0,0x00000000eb080000)
  to   space 1024K, 0% used [0x00000000eae80000,0x00000000eae80000,0x00000000eaf80000)
 ParOldGen       total 120320K, used 106437K [0x00000000c0000000, 0x00000000c7580000, 0x00000000eab00000)
  object space 120320K, 88% used [0x00000000c0000000,0x00000000c67f1410,0x00000000c7580000)
 Metaspace       used 77350K, capacity 80897K, committed 81300K, reserved 1122304K
  class space    used 7604K, capacity 8864K, committed 8920K, reserved 1048576K
}
Event: 63229.021 GC heap before
{Heap before GC invocations=2920 (full 73):
 PSYoungGen      total 1536K, used 1473K [0x00000000eab00000, 0x00000000eb080000, 0x0000000100000000)
  eden space 1024K, 100% used [0x00000000eab00000,0x00000000eac00000,0x00000000eac00000)
  from space 512K, 87% used [0x00000000eb000000,0x00000000eb0704a0,0x00000000eb080000)
  to   space 1024K, 0% used [0x00000000eae80000,0x00000000eae80000,0x00000000eaf80000)
 ParOldGen       total 120320K, used 106437K [0x00000000c0000000, 0x00000000c7580000, 0x00000000eab00000)
  object space 120320K, 88% used [0x00000000c0000000,0x00000000c67f1410,0x00000000c7580000)
 Metaspace       used 77350K, capacity 80897K, committed 81300K, reserved 1122304K
  class space    used 7604K, capacity 8864K, committed 8920K, reserved 1048576K
}
Event: 63229.027 GC heap after
{Heap after GC invocations=2920 (full 73):
 PSYoungGen      total 2560K, used 1020K [0x00000000eab00000, 0x00000000eb080000, 0x0000000100000000)
  eden space 1536K, 0% used [0x00000000eab00000,0x00000000eab00000,0x00000000eac80000)
  from space 1024K, 99% used [0x00000000eae80000,0x00000000eaf7f2a0,0x00000000eaf80000)
  to   space 1024K, 0% used [0x00000000eaf80000,0x00000000eaf80000,0x00000000eb080000)
 ParOldGen       total 120320K, used 106887K [0x00000000c0000000, 0x00000000c7580000, 0x00000000eab00000)
  object space 120320K, 88% used [0x00000000c0000000,0x00000000c6861d50,0x00000000c7580000)
 Metaspace       used 77350K, capacity 80897K, committed 81300K, reserved 1122304K
  class space    used 7604K, capacity 8864K, committed 8920K, reserved 1048576K
}
Event: 63229.041 GC heap before
{Heap before GC invocations=2921 (full 73):
 PSYoungGen      total 2560K, used 2556K [0x00000000eab00000, 0x00000000eb080000, 0x0000000100000000)
  eden space 1536K, 100% used [0x00000000eab00000,0x00000000eac80000,0x00000000eac80000)
  from space 1024K, 99% used [0x00000000eae80000,0x00000000eaf7f2a0,0x00000000eaf80000)
  to   space 1024K, 0% used [0x00000000eaf80000,0x00000000eaf80000,0x00000000eb080000)
 ParOldGen       total 120320K, used 106887K [0x00000000c0000000, 0x00000000c7580000, 0x00000000eab00000)
  object space 120320K, 88% used [0x00000000c0000000,0x00000000c6861d50,0x00000000c7580000)
 Metaspace       used 77350K, capacity 80897K, committed 81300K, reserved 1122304K
  class space    used 7604K, capacity 8864K, committed 8920K, reserved 1048576K
}
Event: 63229.047 GC heap after
{Heap after GC invocations=2921 (full 73):
 PSYoungGen      total 2560K, used 412K [0x00000000eab00000, 0x00000000eb000000, 0x0000000100000000)
  eden space 2048K, 0% used [0x00000000eab00000,0x00000000eab00000,0x00000000ead00000)
  from space 512K, 80% used [0x00000000eaf80000,0x00000000eafe7290,0x00000000eb000000)
  to   space 1024K, 0% used [0x00000000eae00000,0x00000000eae00000,0x00000000eaf00000)
 ParOldGen       total 120320K, used 107775K [0x00000000c0000000, 0x00000000c7580000, 0x00000000eab00000)
  object space 120320K, 89% used [0x00000000c0000000,0x00000000c693fd50,0x00000000c7580000)
 Metaspace       used 77350K, capacity 80897K, committed 81300K, reserved 1122304K
  class space    used 7604K, capacity 8864K, committed 8920K, reserved 1048576K
}
Event: 63229.060 GC heap before
{Heap before GC invocations=2922 (full 73):
 PSYoungGen      total 2560K, used 2460K [0x00000000eab00000, 0x00000000eb000000, 0x0000000100000000)
  eden space 2048K, 100% used [0x00000000eab00000,0x00000000ead00000,0x00000000ead00000)
  from space 512K, 80% used [0x00000000eaf80000,0x00000000eafe7290,0x00000000eb000000)
  to   space 1024K, 0% used [0x00000000eae00000,0x00000000eae00000,0x00000000eaf00000)
 ParOldGen       total 120320K, used 107775K [0x00000000c0000000, 0x00000000c7580000, 0x00000000eab00000)
  object space 120320K, 89% used [0x00000000c0000000,0x00000000c693fd50,0x00000000c7580000)
 Metaspace       used 77350K, capacity 80897K, committed 81300K, reserved 1122304K
  class space    used 7604K, capacity 8864K, committed 8920K, reserved 1048576K
}
Event: 63229.063 GC heap after
{Heap after GC invocations=2922 (full 73):
 PSYoungGen      total 3584K, used 288K [0x00000000eab00000, 0x00000000eb000000, 0x0000000100000000)
  eden space 2560K, 0% used [0x00000000eab00000,0x00000000eab00000,0x00000000ead80000)
  from space 1024K, 28% used [0x00000000eae00000,0x00000000eae48000,0x00000000eaf00000)
  to   space 512K, 0% used [0x00000000eaf80000,0x00000000eaf80000,0x00000000eb000000)
 ParOldGen       total 120320K, used 108295K [0x00000000c0000000, 0x00000000c7580000, 0x00000000eab00000)
  object space 120320K, 90% used [0x00000000c0000000,0x00000000c69c1e00,0x00000000c7580000)
 Metaspace       used 77350K, capacity 80897K, committed 81300K, reserved 1122304K
  class space    used 7604K, capacity 8864K, committed 8920K, reserved 1048576K
}
Event: 63229.080 GC heap before
{Heap before GC invocations=2923 (full 73):
 PSYoungGen      total 3584K, used 2503K [0x00000000eab00000, 0x00000000eb000000, 0x0000000100000000)
  eden space 2560K, 86% used [0x00000000eab00000,0x00000000ead29e00,0x00000000ead80000)
  from space 1024K, 28% used [0x00000000eae00000,0x00000000eae48000,0x00000000eaf00000)
  to   space 512K, 0% used [0x00000000eaf80000,0x00000000eaf80000,0x00000000eb000000)
 ParOldGen       total 120320K, used 108295K [0x00000000c0000000, 0x00000000c7580000, 0x00000000eab00000)
  object space 120320K, 90% used [0x00000000c0000000,0x00000000c69c1e00,0x00000000c7580000)
 Metaspace       used 77350K, capacity 80897K, committed 81300K, reserved 1122304K
  class space    used 7604K, capacity 8864K, committed 8920K, reserved 1048576K
}
Event: 63229.084 GC heap after
{Heap after GC invocations=2923 (full 73):
 PSYoungGen      total 3584K, used 498K [0x00000000eab00000, 0x00000000eb000000, 0x0000000100000000)
  eden space 3072K, 0% used [0x00000000eab00000,0x00000000eab00000,0x00000000eae00000)
  from space 512K, 97% used [0x00000000eaf80000,0x00000000eaffc878,0x00000000eb000000)
  to   space 1024K, 0% used [0x00000000eae00000,0x00000000eae00000,0x00000000eaf00000)
 ParOldGen       total 120320K, used 108548K [0x00000000c0000000, 0x00000000c7580000, 0x00000000eab00000)
  object space 120320K, 90% used [0x00000000c0000000,0x00000000c6a01130,0x00000000c7580000)
 Metaspace       used 77350K, capacity 80897K, committed 81300K, reserved 1122304K
  class space    used 7604K, capacity 8864K, committed 8920K, reserved 1048576K
}
Event: 63229.132 GC heap before
{Heap before GC invocations=2924 (full 73):
 PSYoungGen      total 3584K, used 3570K [0x00000000eab00000, 0x00000000eb000000, 0x0000000100000000)
  eden space 3072K, 100% used [0x00000000eab00000,0x00000000eae00000,0x00000000eae00000)
  from space 512K, 97% used [0x00000000eaf80000,0x00000000eaffc878,0x00000000eb000000)
  to   space 1024K, 0% used [0x00000000eae00000,0x00000000eae00000,0x00000000eaf00000)
 ParOldGen       total 120320K, used 108548K [0x00000000c0000000, 0x00000000c7580000, 0x00000000eab00000)
  object space 120320K, 90% used [0x00000000c0000000,0x00000000c6a01130,0x00000000c7580000)
 Metaspace       used 77350K, capacity 80897K, committed 81300K, reserved 1122304K
  class space    used 7604K, capacity 8864K, committed 8920K, reserved 1048576K
}
Event: 63229.136 GC heap after
{Heap after GC invocations=2924 (full 73):
 PSYoungGen      total 4096K, used 1014K [0x00000000eab00000, 0x00000000eb300000, 0x0000000100000000)
  eden space 3072K, 0% used [0x00000000eab00000,0x00000000eab00000,0x00000000eae00000)
  from space 1024K, 99% used [0x00000000eae00000,0x00000000eaefdae0,0x00000000eaf00000)
  to   space 2048K, 0% used [0x00000000eb100000,0x00000000eb100000,0x00000000eb300000)
 ParOldGen       total 120320K, used 108956K [0x00000000c0000000, 0x00000000c7580000, 0x00000000eab00000)
  object space 120320K, 90% used [0x00000000c0000000,0x00000000c6a67140,0x00000000c7580000)
 Metaspace       used 77350K, capacity 80897K, committed 81300K, reserved 1122304K
  class space    used 7604K, capacity 8864K, committed 8920K, reserved 1048576K
}
Event: 63229.149 GC heap before
{Heap before GC invocations=2925 (full 73):
 PSYoungGen      total 4096K, used 4086K [0x00000000eab00000, 0x00000000eb300000, 0x0000000100000000)
  eden space 3072K, 100% used [0x00000000eab00000,0x00000000eae00000,0x00000000eae00000)
  from space 1024K, 99% used [0x00000000eae00000,0x00000000eaefdae0,0x00000000eaf00000)
  to   space 2048K, 0% used [0x00000000eb100000,0x00000000eb100000,0x00000000eb300000)
 ParOldGen       total 120320K, used 108956K [0x00000000c0000000, 0x00000000c7580000, 0x00000000eab00000)
  object space 120320K, 90% used [0x00000000c0000000,0x00000000c6a67140,0x00000000c7580000)
 Metaspace       used 77350K, capacity 80897K, committed 81300K, reserved 1122304K
  class space    used 7604K, capacity 8864K, committed 8920K, reserved 1048576K
}
Event: 63229.153 GC heap after
{Heap after GC invocations=2925 (full 73):
 PSYoungGen      total 5120K, used 544K [0x00000000eab00000, 0x00000000eb200000, 0x0000000100000000)
  eden space 4096K, 0% used [0x00000000eab00000,0x00000000eab00000,0x00000000eaf00000)
  from space 1024K, 53% used [0x00000000eb100000,0x00000000eb188000,0x00000000eb200000)
  to   space 1024K, 0% used [0x00000000eb000000,0x00000000eb000000,0x00000000eb100000)
 ParOldGen       total 120320K, used 109977K [0x00000000c0000000, 0x00000000c7580000, 0x00000000eab00000)
  object space 120320K, 91% used [0x00000000c0000000,0x00000000c6b66648,0x00000000c7580000)
 Metaspace       used 77350K, capacity 80897K, committed 81300K, reserved 1122304K
  class space    used 7604K, capacity 8864K, committed 8920K, reserved 1048576K
}
Event: 63229.201 GC heap before
{Heap before GC invocations=2926 (full 73):
 PSYoungGen      total 5120K, used 4640K [0x00000000eab00000, 0x00000000eb200000, 0x0000000100000000)
  eden space 4096K, 100% used [0x00000000eab00000,0x00000000eaf00000,0x00000000eaf00000)
  from space 1024K, 53% used [0x00000000eb100000,0x00000000eb188000,0x00000000eb200000)
  to   space 1024K, 0% used [0x00000000eb000000,0x00000000eb000000,0x00000000eb100000)
 ParOldGen       total 120320K, used 109977K [0x00000000c0000000, 0x00000000c7580000, 0x00000000eab00000)
  object space 120320K, 91% used [0x00000000c0000000,0x00000000c6b66648,0x00000000c7580000)
 Metaspace       used 77351K, capacity 80897K, committed 81300K, reserved 1122304K
  class space    used 7604K, capacity 8864K, committed 8920K, reserved 1048576K
}
Event: 63229.206 GC heap after
{Heap after GC invocations=2926 (full 73):
 PSYoungGen      total 6144K, used 838K [0x00000000eab00000, 0x00000000eb200000, 0x0000000100000000)
  eden space 5120K, 0% used [0x00000000eab00000,0x00000000eab00000,0x00000000eb000000)
  from space 1024K, 81% used [0x00000000eb000000,0x00000000eb0d1958,0x00000000eb100000)
  to   space 1024K, 0% used [0x00000000eb100000,0x00000000eb100000,0x00000000eb200000)
 ParOldGen       total 120320K, used 110465K [0x00000000c0000000, 0x00000000c7580000, 0x00000000eab00000)
  object space 120320K, 91% used [0x00000000c0000000,0x00000000c6be0648,0x00000000c7580000)
 Metaspace       used 77351K, capacity 80897K, committed 81300K, reserved 1122304K
  class space    used 7604K, capacity 8864K, committed 8920K, reserved 1048576K
}
Event: 63229.328 GC heap before
{Heap before GC invocations=2927 (full 73):
 PSYoungGen      total 6144K, used 5957K [0x00000000eab00000, 0x00000000eb200000, 0x0000000100000000)
  eden space 5120K, 99% used [0x00000000eab00000,0x00000000eafffae0,0x00000000eb000000)
  from space 1024K, 81% used [0x00000000eb000000,0x00000000eb0d1958,0x00000000eb100000)
  to   space 1024K, 0% used [0x00000000eb100000,0x00000000eb100000,0x00000000eb200000)
 ParOldGen       total 120320K, used 110465K [0x00000000c0000000, 0x00000000c7580000, 0x00000000eab00000)
  object space 120320K, 91% used [0x00000000c0000000,0x00000000c6be0648,0x00000000c7580000)
 Metaspace       used 77351K, capacity 80897K, committed 81300K, reserved 1122304K
  class space    used 7604K, capacity 8864K, committed 8920K, reserved 1048576K
}
Event: 63229.334 GC heap after
{Heap after GC invocations=2927 (full 73):
 PSYoungGen      total 4608K, used 995K [0x00000000eab00000, 0x00000000eb500000, 0x0000000100000000)
  eden space 3584K, 0% used [0x00000000eab00000,0x00000000eab00000,0x00000000eae80000)
  from space 1024K, 97% used [0x00000000eb100000,0x00000000eb1f8ce8,0x00000000eb200000)
  to   space 2560K, 0% used [0x00000000eae80000,0x00000000eae80000,0x00000000eb100000)
 ParOldGen       total 120320K, used 111374K [0x00000000c0000000, 0x00000000c7580000, 0x00000000eab00000)
  object space 120320K, 92% used [0x00000000c0000000,0x00000000c6cc39f8,0x00000000c7580000)
 Metaspace       used 77351K, capacity 80897K, committed 81300K, reserved 1122304K
  class space    used 7604K, capacity 8864K, committed 8920K, reserved 1048576K
}

