<?xml version="1.0" encoding="UTF-8"?>
<!-- Generated by org.testng.reporters.JUnitXMLReporter -->
<testsuite ignored="0" hostname="Anuj" failures="0" tests="4" name="Test" time="52.681" errors="0" timestamp="2023-05-25T11:22:03 IST">
  <testcase classname="TestCaseClasses.DashboardDetailsTest" name="artistDetails" time="6.007"/>
  <testcase classname="TestCaseClasses.DashboardDetailsTest" name="artTypeDetails" time="2.159"/>
  <testcase classname="TestCaseClasses.DashboardDetailsTest" name="artMediumDetails" time="4.088"/>
  <testcase classname="TestCaseClasses.DashboardDetailsTest" name="artProductDetails" time="2.15"/>
</testsuite> <!-- Test -->
