<?xml version="1.0" encoding="UTF-8"?>
<testng-results ignored="0" total="13" passed="13" failed="0" skipped="0">
  <reporter-output>
  </reporter-output>
  <suite started-at="2023-06-17T18:38:22 IST" name="Art Gallery Testing" finished-at="2023-06-17T18:39:14 IST" duration-ms="51743">
    <groups>
    </groups>
    <test started-at="2023-06-17T18:38:22 IST" name="Admin: Login" finished-at="2023-06-17T18:38:39 IST" duration-ms="16430">
      <class name="TestCaseClasses.LoginTest">
        <test-method signature="AdminLoginWithInValidDetails()[pri:0, instance:TestCaseClasses.LoginTest@3c22fc4c]" started-at="2023-06-17T18:38:22 IST" name="AdminLoginWithInValidDetails" finished-at="2023-06-17T18:38:35 IST" duration-ms="12310" status="PASS">
          <reporter-output>
          </reporter-output>
        </test-method> <!-- AdminLoginWithInValidDetails -->
        <test-method signature="AdminLoginWithValidDetails()[pri:1, instance:TestCaseClasses.LoginTest@3c22fc4c]" started-at="2023-06-17T18:38:35 IST" name="AdminLoginWithValidDetails" finished-at="2023-06-17T18:38:39 IST" duration-ms="3834" status="PASS">
          <reporter-output>
          </reporter-output>
        </test-method> <!-- AdminLoginWithValidDetails -->
      </class> <!-- TestCaseClasses.LoginTest -->
    </test> <!-- Admin: Login -->
    <test started-at="2023-06-17T18:38:40 IST" name="Admin: Sidemenu" finished-at="2023-06-17T18:38:40 IST" duration-ms="480">
      <class name="TestCaseClasses.MenuTest">
        <test-method signature="artistMenu()[pri:0, instance:TestCaseClasses.MenuTest@21de60b4]" started-at="2023-06-17T18:38:40 IST" name="artistMenu" finished-at="2023-06-17T18:38:40 IST" duration-ms="295" status="PASS">
          <reporter-output>
          </reporter-output>
        </test-method> <!-- artistMenu -->
        <test-method signature="artTypeMenu()[pri:1, instance:TestCaseClasses.MenuTest@21de60b4]" started-at="2023-06-17T18:38:40 IST" name="artTypeMenu" finished-at="2023-06-17T18:38:40 IST" duration-ms="70" status="PASS">
          <reporter-output>
          </reporter-output>
        </test-method> <!-- artTypeMenu -->
        <test-method signature="mediumOfArtMenu()[pri:2, instance:TestCaseClasses.MenuTest@21de60b4]" started-at="2023-06-17T18:38:40 IST" name="mediumOfArtMenu" finished-at="2023-06-17T18:38:40 IST" duration-ms="61" status="PASS">
          <reporter-output>
          </reporter-output>
        </test-method> <!-- mediumOfArtMenu -->
        <test-method signature="artProductMenu()[pri:3, instance:TestCaseClasses.MenuTest@21de60b4]" started-at="2023-06-17T18:38:40 IST" name="artProductMenu" finished-at="2023-06-17T18:38:40 IST" duration-ms="49" status="PASS">
          <reporter-output>
          </reporter-output>
        </test-method> <!-- artProductMenu -->
      </class> <!-- TestCaseClasses.MenuTest -->
    </test> <!-- Admin: Sidemenu -->
    <test started-at="2023-06-17T18:38:40 IST" name="Admin: Dashboard" finished-at="2023-06-17T18:38:53 IST" duration-ms="12504">
      <class name="TestCaseClasses.DashboardDetailsTest">
        <test-method signature="artistDetails()[pri:0, instance:TestCaseClasses.DashboardDetailsTest@72f926e6]" started-at="2023-06-17T18:38:40 IST" name="artistDetails" finished-at="2023-06-17T18:38:43 IST" duration-ms="2422" status="PASS">
          <reporter-output>
          </reporter-output>
        </test-method> <!-- artistDetails -->
        <test-method is-config="true" signature="driverNavigateBackward()[pri:0, instance:TestCaseClasses.DashboardDetailsTest@72f926e6]" started-at="2023-06-17T18:38:43 IST" name="driverNavigateBackward" finished-at="2023-06-17T18:38:44 IST" duration-ms="1173" status="PASS">
          <reporter-output>
          </reporter-output>
        </test-method> <!-- driverNavigateBackward -->
        <test-method signature="artTypeDetails()[pri:1, instance:TestCaseClasses.DashboardDetailsTest@72f926e6]" started-at="2023-06-17T18:38:44 IST" name="artTypeDetails" finished-at="2023-06-17T18:38:46 IST" duration-ms="2607" status="PASS">
          <reporter-output>
          </reporter-output>
        </test-method> <!-- artTypeDetails -->
        <test-method is-config="true" signature="driverNavigateBackward()[pri:0, instance:TestCaseClasses.DashboardDetailsTest@72f926e6]" started-at="2023-06-17T18:38:46 IST" name="driverNavigateBackward" finished-at="2023-06-17T18:38:47 IST" duration-ms="636" status="PASS">
          <reporter-output>
          </reporter-output>
        </test-method> <!-- driverNavigateBackward -->
        <test-method signature="artMediumDetails()[pri:2, instance:TestCaseClasses.DashboardDetailsTest@72f926e6]" started-at="2023-06-17T18:38:47 IST" name="artMediumDetails" finished-at="2023-06-17T18:38:49 IST" duration-ms="2206" status="PASS">
          <reporter-output>
          </reporter-output>
        </test-method> <!-- artMediumDetails -->
        <test-method is-config="true" signature="driverNavigateBackward()[pri:0, instance:TestCaseClasses.DashboardDetailsTest@72f926e6]" started-at="2023-06-17T18:38:49 IST" name="driverNavigateBackward" finished-at="2023-06-17T18:38:50 IST" duration-ms="587" status="PASS">
          <reporter-output>
          </reporter-output>
        </test-method> <!-- driverNavigateBackward -->
        <test-method signature="artProductDetails()[pri:3, instance:TestCaseClasses.DashboardDetailsTest@72f926e6]" started-at="2023-06-17T18:38:50 IST" name="artProductDetails" finished-at="2023-06-17T18:38:52 IST" duration-ms="2317" status="PASS">
          <reporter-output>
          </reporter-output>
        </test-method> <!-- artProductDetails -->
        <test-method is-config="true" signature="driverNavigateBackward()[pri:0, instance:TestCaseClasses.DashboardDetailsTest@72f926e6]" started-at="2023-06-17T18:38:52 IST" name="driverNavigateBackward" finished-at="2023-06-17T18:38:53 IST" duration-ms="549" status="PASS">
          <reporter-output>
          </reporter-output>
        </test-method> <!-- driverNavigateBackward -->
      </class> <!-- TestCaseClasses.DashboardDetailsTest -->
    </test> <!-- Admin: Dashboard -->
    <test started-at="2023-06-17T18:38:53 IST" name="Admin: Artist" finished-at="2023-06-17T18:39:14 IST" duration-ms="21150">
      <class name="TestCaseClasses.ArtistTest">
        <test-method is-config="true" signature="setupTest()[pri:0, instance:TestCaseClasses.ArtistTest@28eaa59a]" started-at="2023-06-17T18:37:37 IST" name="setupTest" finished-at="2023-06-17T18:38:22 IST" duration-ms="45575" status="PASS">
          <reporter-output>
          </reporter-output>
        </test-method> <!-- setupTest -->
        <test-method signature="addArtistTest()[pri:0, instance:TestCaseClasses.ArtistTest@28eaa59a]" started-at="2023-06-17T18:38:53 IST" name="addArtistTest" finished-at="2023-06-17T18:39:01 IST" duration-ms="7981" status="PASS">
          <reporter-output>
          </reporter-output>
        </test-method> <!-- addArtistTest -->
        <test-method signature="updateArtistTest()[pri:1, instance:TestCaseClasses.ArtistTest@28eaa59a]" started-at="2023-06-17T18:39:01 IST" name="updateArtistTest" finished-at="2023-06-17T18:39:07 IST" duration-ms="6439" status="PASS">
          <reporter-output>
          </reporter-output>
        </test-method> <!-- updateArtistTest -->
        <test-method signature="deleteArtistTest()[pri:2, instance:TestCaseClasses.ArtistTest@28eaa59a]" started-at="2023-06-17T18:39:07 IST" name="deleteArtistTest" finished-at="2023-06-17T18:39:14 IST" duration-ms="6716" status="PASS">
          <reporter-output>
          </reporter-output>
        </test-method> <!-- deleteArtistTest -->
        <test-method is-config="true" signature="tearDown()[pri:0, instance:TestCaseClasses.ArtistTest@28eaa59a]" started-at="2023-06-17T18:39:14 IST" name="tearDown" finished-at="2023-06-17T18:39:18 IST" duration-ms="4368" status="PASS">
          <reporter-output>
          </reporter-output>
        </test-method> <!-- tearDown -->
      </class> <!-- TestCaseClasses.ArtistTest -->
    </test> <!-- Admin: Artist -->
  </suite> <!-- Art Gallery Testing -->
</testng-results>
