<?xml version="1.0" encoding="UTF-8"?>
<testng-results ignored="0" total="25" passed="25" failed="0" skipped="0">
  <reporter-output>
  </reporter-output>
  <suite started-at="2023-06-17T20:35:49 IST" name="Art Gallery Testing" finished-at="2023-06-17T20:37:08 IST" duration-ms="79521">
    <groups>
    </groups>
    <test started-at="2023-06-17T20:35:49 IST" name="Admin: Login" finished-at="2023-06-17T20:35:58 IST" duration-ms="9008">
      <class name="TestCaseClasses.LoginTest">
        <test-method signature="AdminLoginWithInValidDetails()[pri:0, instance:TestCaseClasses.LoginTest@3c22fc4c]" started-at="2023-06-17T20:35:49 IST" name="AdminLoginWithInValidDetails" finished-at="2023-06-17T20:35:53 IST" duration-ms="4381" status="PASS">
          <reporter-output>
          </reporter-output>
        </test-method> <!-- AdminLoginWithInValidDetails -->
        <test-method signature="AdminLoginWithValidDetails()[pri:1, instance:TestCaseClasses.LoginTest@3c22fc4c]" started-at="2023-06-17T20:35:53 IST" name="AdminLoginWithValidDetails" finished-at="2023-06-17T20:35:58 IST" duration-ms="4515" status="PASS">
          <reporter-output>
          </reporter-output>
        </test-method> <!-- AdminLoginWithValidDetails -->
      </class> <!-- TestCaseClasses.LoginTest -->
    </test> <!-- Admin: Login -->
    <test started-at="2023-06-17T20:35:58 IST" name="Admin: Sidemenu" finished-at="2023-06-17T20:35:58 IST" duration-ms="275">
      <class name="TestCaseClasses.MenuTest">
        <test-method signature="artistMenu()[pri:0, instance:TestCaseClasses.MenuTest@21de60b4]" started-at="2023-06-17T20:35:58 IST" name="artistMenu" finished-at="2023-06-17T20:35:58 IST" duration-ms="84" status="PASS">
          <reporter-output>
          </reporter-output>
        </test-method> <!-- artistMenu -->
        <test-method signature="artTypeMenu()[pri:1, instance:TestCaseClasses.MenuTest@21de60b4]" started-at="2023-06-17T20:35:58 IST" name="artTypeMenu" finished-at="2023-06-17T20:35:58 IST" duration-ms="69" status="PASS">
          <reporter-output>
          </reporter-output>
        </test-method> <!-- artTypeMenu -->
        <test-method signature="mediumOfArtMenu()[pri:2, instance:TestCaseClasses.MenuTest@21de60b4]" started-at="2023-06-17T20:35:58 IST" name="mediumOfArtMenu" finished-at="2023-06-17T20:35:58 IST" duration-ms="47" status="PASS">
          <reporter-output>
          </reporter-output>
        </test-method> <!-- mediumOfArtMenu -->
        <test-method signature="artProductMenu()[pri:3, instance:TestCaseClasses.MenuTest@21de60b4]" started-at="2023-06-17T20:35:58 IST" name="artProductMenu" finished-at="2023-06-17T20:35:58 IST" duration-ms="51" status="PASS">
          <reporter-output>
          </reporter-output>
        </test-method> <!-- artProductMenu -->
      </class> <!-- TestCaseClasses.MenuTest -->
    </test> <!-- Admin: Sidemenu -->
    <test started-at="2023-06-17T20:35:58 IST" name="Admin: Dashboard" finished-at="2023-06-17T20:36:08 IST" duration-ms="9549">
      <class name="TestCaseClasses.DashboardDetailsTest">
        <test-method signature="artistDetails()[pri:0, instance:TestCaseClasses.DashboardDetailsTest@72f926e6]" started-at="2023-06-17T20:35:58 IST" name="artistDetails" finished-at="2023-06-17T20:36:00 IST" duration-ms="1700" status="PASS">
          <reporter-output>
          </reporter-output>
        </test-method> <!-- artistDetails -->
        <test-method is-config="true" signature="driverNavigateBackward()[pri:0, instance:TestCaseClasses.DashboardDetailsTest@72f926e6]" started-at="2023-06-17T20:36:00 IST" name="driverNavigateBackward" finished-at="2023-06-17T20:36:01 IST" duration-ms="720" status="PASS">
          <reporter-output>
          </reporter-output>
        </test-method> <!-- driverNavigateBackward -->
        <test-method signature="artTypeDetails()[pri:1, instance:TestCaseClasses.DashboardDetailsTest@72f926e6]" started-at="2023-06-17T20:36:01 IST" name="artTypeDetails" finished-at="2023-06-17T20:36:02 IST" duration-ms="1656" status="PASS">
          <reporter-output>
          </reporter-output>
        </test-method> <!-- artTypeDetails -->
        <test-method is-config="true" signature="driverNavigateBackward()[pri:0, instance:TestCaseClasses.DashboardDetailsTest@72f926e6]" started-at="2023-06-17T20:36:02 IST" name="driverNavigateBackward" finished-at="2023-06-17T20:36:03 IST" duration-ms="568" status="PASS">
          <reporter-output>
          </reporter-output>
        </test-method> <!-- driverNavigateBackward -->
        <test-method signature="artMediumDetails()[pri:2, instance:TestCaseClasses.DashboardDetailsTest@72f926e6]" started-at="2023-06-17T20:36:03 IST" name="artMediumDetails" finished-at="2023-06-17T20:36:05 IST" duration-ms="1933" status="PASS">
          <reporter-output>
          </reporter-output>
        </test-method> <!-- artMediumDetails -->
        <test-method is-config="true" signature="driverNavigateBackward()[pri:0, instance:TestCaseClasses.DashboardDetailsTest@72f926e6]" started-at="2023-06-17T20:36:05 IST" name="driverNavigateBackward" finished-at="2023-06-17T20:36:06 IST" duration-ms="901" status="PASS">
          <reporter-output>
          </reporter-output>
        </test-method> <!-- driverNavigateBackward -->
        <test-method signature="artProductDetails()[pri:3, instance:TestCaseClasses.DashboardDetailsTest@72f926e6]" started-at="2023-06-17T20:36:06 IST" name="artProductDetails" finished-at="2023-06-17T20:36:07 IST" duration-ms="1464" status="PASS">
          <reporter-output>
          </reporter-output>
        </test-method> <!-- artProductDetails -->
        <test-method is-config="true" signature="driverNavigateBackward()[pri:0, instance:TestCaseClasses.DashboardDetailsTest@72f926e6]" started-at="2023-06-17T20:36:07 IST" name="driverNavigateBackward" finished-at="2023-06-17T20:36:08 IST" duration-ms="600" status="PASS">
          <reporter-output>
          </reporter-output>
        </test-method> <!-- driverNavigateBackward -->
      </class> <!-- TestCaseClasses.DashboardDetailsTest -->
    </test> <!-- Admin: Dashboard -->
    <test started-at="2023-06-17T20:36:08 IST" name="Admin: Artist" finished-at="2023-06-17T20:36:23 IST" duration-ms="15128">
      <class name="TestCaseClasses.ArtistTest">
        <test-method signature="addArtistTest()[pri:0, instance:TestCaseClasses.ArtistTest@28eaa59a]" started-at="2023-06-17T20:36:08 IST" name="addArtistTest" finished-at="2023-06-17T20:36:11 IST" duration-ms="3415" status="PASS">
          <reporter-output>
          </reporter-output>
        </test-method> <!-- addArtistTest -->
        <test-method signature="updateArtistTest()[pri:1, instance:TestCaseClasses.ArtistTest@28eaa59a]" started-at="2023-06-17T20:36:11 IST" name="updateArtistTest" finished-at="2023-06-17T20:36:17 IST" duration-ms="5466" status="PASS">
          <reporter-output>
          </reporter-output>
        </test-method> <!-- updateArtistTest -->
        <test-method signature="deleteArtistTest()[pri:2, instance:TestCaseClasses.ArtistTest@28eaa59a]" started-at="2023-06-17T20:36:17 IST" name="deleteArtistTest" finished-at="2023-06-17T20:36:23 IST" duration-ms="6247" status="PASS">
          <reporter-output>
          </reporter-output>
        </test-method> <!-- deleteArtistTest -->
      </class> <!-- TestCaseClasses.ArtistTest -->
    </test> <!-- Admin: Artist -->
    <test started-at="2023-06-17T20:36:23 IST" name="Admin: Art Type" finished-at="2023-06-17T20:36:33 IST" duration-ms="10163">
      <class name="TestCaseClasses.ArtTypeTest">
        <test-method signature="addArtTypeTest()[pri:0, instance:TestCaseClasses.ArtTypeTest@2c767a52]" started-at="2023-06-17T20:36:23 IST" name="addArtTypeTest" finished-at="2023-06-17T20:36:25 IST" duration-ms="1634" status="PASS">
          <reporter-output>
          </reporter-output>
        </test-method> <!-- addArtTypeTest -->
        <test-method signature="updateArtTypeTest()[pri:1, instance:TestCaseClasses.ArtTypeTest@2c767a52]" started-at="2023-06-17T20:36:25 IST" name="updateArtTypeTest" finished-at="2023-06-17T20:36:28 IST" duration-ms="3906" status="PASS">
          <reporter-output>
          </reporter-output>
        </test-method> <!-- updateArtTypeTest -->
        <test-method signature="deleteArtTypeTest()[pri:2, instance:TestCaseClasses.ArtTypeTest@2c767a52]" started-at="2023-06-17T20:36:28 IST" name="deleteArtTypeTest" finished-at="2023-06-17T20:36:33 IST" duration-ms="4615" status="PASS">
          <reporter-output>
          </reporter-output>
        </test-method> <!-- deleteArtTypeTest -->
      </class> <!-- TestCaseClasses.ArtTypeTest -->
    </test> <!-- Admin: Art Type -->
    <test started-at="2023-06-17T20:36:33 IST" name="Admin: Art Medium" finished-at="2023-06-17T20:36:44 IST" duration-ms="11137">
      <class name="TestCaseClasses.ArtMediumTest">
        <test-method signature="addArtMediumTest()[pri:0, instance:TestCaseClasses.ArtMediumTest@61df66b6]" started-at="2023-06-17T20:36:33 IST" name="addArtMediumTest" finished-at="2023-06-17T20:36:35 IST" duration-ms="1628" status="PASS">
          <reporter-output>
          </reporter-output>
        </test-method> <!-- addArtMediumTest -->
        <test-method signature="updateArtMediumTest()[pri:1, instance:TestCaseClasses.ArtMediumTest@61df66b6]" started-at="2023-06-17T20:36:35 IST" name="updateArtMediumTest" finished-at="2023-06-17T20:36:40 IST" duration-ms="4725" status="PASS">
          <reporter-output>
          </reporter-output>
        </test-method> <!-- updateArtMediumTest -->
        <test-method signature="deleteArtMediumTest()[pri:2, instance:TestCaseClasses.ArtMediumTest@61df66b6]" started-at="2023-06-17T20:36:40 IST" name="deleteArtMediumTest" finished-at="2023-06-17T20:36:44 IST" duration-ms="4774" status="PASS">
          <reporter-output>
          </reporter-output>
        </test-method> <!-- deleteArtMediumTest -->
      </class> <!-- TestCaseClasses.ArtMediumTest -->
    </test> <!-- Admin: Art Medium -->
    <test started-at="2023-06-17T20:36:44 IST" name="Admin: Art Product" finished-at="2023-06-17T20:36:57 IST" duration-ms="12343">
      <class name="TestCaseClasses.ArtProductTest">
        <test-method signature="addArtProductTest()[pri:0, instance:TestCaseClasses.ArtProductTest@5119fb47]" started-at="2023-06-17T20:36:44 IST" name="addArtProductTest" finished-at="2023-06-17T20:36:50 IST" duration-ms="6092" status="PASS">
          <reporter-output>
          </reporter-output>
        </test-method> <!-- addArtProductTest -->
        <test-method signature="deleteArtProductTest()[pri:1, instance:TestCaseClasses.ArtProductTest@5119fb47]" started-at="2023-06-17T20:36:50 IST" name="deleteArtProductTest" finished-at="2023-06-17T20:36:57 IST" duration-ms="6239" status="PASS">
          <reporter-output>
          </reporter-output>
        </test-method> <!-- deleteArtProductTest -->
      </class> <!-- TestCaseClasses.ArtProductTest -->
    </test> <!-- Admin: Art Product -->
    <test started-at="2023-06-17T20:36:57 IST" name="Admin: Enquiry " finished-at="2023-06-17T20:37:08 IST" duration-ms="11365">
      <class name="TestCaseClasses.EnquiryTest">
        <test-method is-config="true" signature="setupTest()[pri:0, instance:TestCaseClasses.EnquiryTest@6eda5c9]" started-at="2023-06-17T20:35:24 IST" name="setupTest" finished-at="2023-06-17T20:35:49 IST" duration-ms="24438" status="PASS">
          <reporter-output>
          </reporter-output>
        </test-method> <!-- setupTest -->
        <test-method signature="enquiryMenuTest()[pri:0, instance:TestCaseClasses.EnquiryTest@6eda5c9]" started-at="2023-06-17T20:36:57 IST" name="enquiryMenuTest" finished-at="2023-06-17T20:36:58 IST" duration-ms="1292" status="PASS">
          <reporter-output>
          </reporter-output>
        </test-method> <!-- enquiryMenuTest -->
        <test-method signature="enquirySearchByNameTest()[pri:1, instance:TestCaseClasses.EnquiryTest@6eda5c9]" started-at="2023-06-17T20:36:58 IST" name="enquirySearchByNameTest" finished-at="2023-06-17T20:37:00 IST" duration-ms="2226" status="PASS">
          <reporter-output>
          </reporter-output>
        </test-method> <!-- enquirySearchByNameTest -->
        <test-method signature="enquirySearchByEnquiryNumberTest()[pri:2, instance:TestCaseClasses.EnquiryTest@6eda5c9]" started-at="2023-06-17T20:37:00 IST" name="enquirySearchByEnquiryNumberTest" finished-at="2023-06-17T20:37:03 IST" duration-ms="2247" status="PASS">
          <reporter-output>
          </reporter-output>
        </test-method> <!-- enquirySearchByEnquiryNumberTest -->
        <test-method signature="enquirySearchByMobileNumberTest()[pri:3, instance:TestCaseClasses.EnquiryTest@6eda5c9]" started-at="2023-06-17T20:37:03 IST" name="enquirySearchByMobileNumberTest" finished-at="2023-06-17T20:37:08 IST" duration-ms="5592" status="PASS">
          <reporter-output>
          </reporter-output>
        </test-method> <!-- enquirySearchByMobileNumberTest -->
        <test-method is-config="true" signature="tearDown()[pri:0, instance:TestCaseClasses.EnquiryTest@6eda5c9]" started-at="2023-06-17T20:37:08 IST" name="tearDown" finished-at="2023-06-17T20:37:12 IST" duration-ms="3846" status="PASS">
          <reporter-output>
          </reporter-output>
        </test-method> <!-- tearDown -->
      </class> <!-- TestCaseClasses.EnquiryTest -->
    </test> <!-- Admin: Enquiry  -->
  </suite> <!-- Art Gallery Testing -->
</testng-results>
