<?xml version="1.0" encoding="UTF-8"?>
<testng-results ignored="44" total="49" passed="5" failed="0" skipped="0">
  <reporter-output>
  </reporter-output>
  <suite started-at="2023-07-25T17:58:00 IST" name="Art Gallery Testing" finished-at="2023-07-25T17:59:00 IST" duration-ms="60117">
    <groups>
      <group name="admin">
        <method signature="EnquiryTest.addEnquiryTest()[pri:18, instance:TestCaseClasses.EnquiryTest@15c43bd9]" name="addEnquiryTest" class="TestCaseClasses.EnquiryTest"/>
        <method signature="EnquiryTest.unansweredEnquiryTest()[pri:19, instance:TestCaseClasses.EnquiryTest@15c43bd9]" name="unansweredEnquiryTest" class="TestCaseClasses.EnquiryTest"/>
        <method signature="EnquiryTest.answeredEnquiryTest()[pri:20, instance:TestCaseClasses.EnquiryTest@15c43bd9]" name="answeredEnquiryTest" class="TestCaseClasses.EnquiryTest"/>
      </group> <!-- admin -->
      <group name="enquiry">
        <method signature="EnquiryTest.unansweredEnquiryTest()[pri:19, instance:TestCaseClasses.EnquiryTest@15c43bd9]" name="unansweredEnquiryTest" class="TestCaseClasses.EnquiryTest"/>
        <method signature="EnquiryTest.answeredEnquiryTest()[pri:20, instance:TestCaseClasses.EnquiryTest@15c43bd9]" name="answeredEnquiryTest" class="TestCaseClasses.EnquiryTest"/>
      </group> <!-- enquiry -->
      <group name="login">
        <method signature="LoginTest.AdminLoginWithInValidDetails()[pri:0, instance:TestCaseClasses.LoginTest@5e82df6a]" name="AdminLoginWithInValidDetails" class="TestCaseClasses.LoginTest"/>
        <method signature="LoginTest.AdminLoginWithValidDetails()[pri:0, instance:TestCaseClasses.LoginTest@5e82df6a]" name="AdminLoginWithValidDetails" class="TestCaseClasses.LoginTest"/>
      </group> <!-- login -->
    </groups>
    <test started-at="2023-07-25T17:58:00 IST" name="Admin" finished-at="2023-07-25T17:59:00 IST" duration-ms="60117">
      <class name="TestCaseClasses.LoginTest">
        <test-method is-config="true" signature="setupTest()[pri:0, instance:TestCaseClasses.LoginTest@5e82df6a]" started-at="2023-07-25T17:57:42 IST" name="setupTest" finished-at="2023-07-25T17:58:00 IST" duration-ms="17514" status="PASS">
          <reporter-output>
          </reporter-output>
        </test-method> <!-- setupTest -->
        <test-method signature="AdminLoginWithInValidDetails()[pri:0, instance:TestCaseClasses.LoginTest@5e82df6a]" started-at="2023-07-25T17:58:00 IST" name="AdminLoginWithInValidDetails" finished-at="2023-07-25T17:58:06 IST" duration-ms="5690" status="PASS">
          <reporter-output>
          </reporter-output>
        </test-method> <!-- AdminLoginWithInValidDetails -->
        <test-method signature="AdminLoginWithValidDetails()[pri:0, instance:TestCaseClasses.LoginTest@5e82df6a]" started-at="2023-07-25T17:58:06 IST" name="AdminLoginWithValidDetails" finished-at="2023-07-25T17:58:07 IST" depends-on-methods="TestCaseClasses.LoginTest.AdminLoginWithInValidDetails" duration-ms="1684" status="PASS">
          <reporter-output>
          </reporter-output>
        </test-method> <!-- AdminLoginWithValidDetails -->
        <test-method is-config="true" signature="tearDown()[pri:0, instance:TestCaseClasses.LoginTest@5e82df6a]" started-at="2023-07-25T17:59:00 IST" name="tearDown" finished-at="2023-07-25T17:59:03 IST" duration-ms="2727" status="PASS">
          <reporter-output>
          </reporter-output>
        </test-method> <!-- tearDown -->
      </class> <!-- TestCaseClasses.LoginTest -->
      <class name="TestCaseClasses.EnquiryTest">
        <test-method signature="addEnquiryTest()[pri:18, instance:TestCaseClasses.EnquiryTest@15c43bd9]" started-at="2023-07-25T17:58:07 IST" name="addEnquiryTest" finished-at="2023-07-25T17:58:51 IST" duration-ms="43854" status="PASS">
          <reporter-output>
          </reporter-output>
        </test-method> <!-- addEnquiryTest -->
        <test-method signature="unansweredEnquiryTest()[pri:19, instance:TestCaseClasses.EnquiryTest@15c43bd9]" started-at="2023-07-25T17:58:51 IST" name="unansweredEnquiryTest" finished-at="2023-07-25T17:58:55 IST" depends-on-methods="TestCaseClasses.EnquiryTest.addEnquiryTest, AdminLoginWithValidDetails" duration-ms="4165" status="PASS">
          <reporter-output>
          </reporter-output>
        </test-method> <!-- unansweredEnquiryTest -->
        <test-method signature="answeredEnquiryTest()[pri:20, instance:TestCaseClasses.EnquiryTest@15c43bd9]" started-at="2023-07-25T17:58:55 IST" name="answeredEnquiryTest" finished-at="2023-07-25T17:59:00 IST" depends-on-methods="TestCaseClasses.EnquiryTest.addEnquiryTest, AdminLoginWithValidDetails" duration-ms="4480" status="PASS">
          <reporter-output>
          </reporter-output>
        </test-method> <!-- answeredEnquiryTest -->
      </class> <!-- TestCaseClasses.EnquiryTest -->
    </test> <!-- Admin -->
  </suite> <!-- Art Gallery Testing -->
</testng-results>
