<?xml version="1.0" encoding="UTF-8"?>
<testng-results ignored="0" total="41" passed="41" failed="0" skipped="0">
  <reporter-output>
  </reporter-output>
  <suite started-at="2023-06-25T18:35:41 IST" name="Art Gallery Testing" finished-at="2023-06-25T18:41:31 IST" duration-ms="349815">
    <groups>
    </groups>
    <test started-at="2023-06-25T18:35:41 IST" name="Admin: Login" finished-at="2023-06-25T18:35:54 IST" duration-ms="12781">
      <class name="TestCaseClasses.LoginTest">
        <test-method signature="AdminLoginWithInValidDetails()[pri:0, instance:TestCaseClasses.LoginTest@79b06cab]" started-at="2023-06-25T18:35:42 IST" name="AdminLoginWithInValidDetails" finished-at="2023-06-25T18:35:50 IST" duration-ms="8169" status="PASS">
          <reporter-output>
          </reporter-output>
        </test-method> <!-- AdminLoginWithInValidDetails -->
        <test-method signature="AdminLoginWithValidDetails()[pri:1, instance:TestCaseClasses.LoginTest@79b06cab]" started-at="2023-06-25T18:35:50 IST" name="AdminLoginWithValidDetails" finished-at="2023-06-25T18:35:54 IST" duration-ms="4293" status="PASS">
          <reporter-output>
          </reporter-output>
        </test-method> <!-- AdminLoginWithValidDetails -->
      </class> <!-- TestCaseClasses.LoginTest -->
    </test> <!-- Admin: Login -->
    <test started-at="2023-06-25T18:35:58 IST" name="Admin: Dashboard" finished-at="2023-06-25T18:36:23 IST" duration-ms="24590">
      <class name="TestCaseClasses.DashboardDetailsTest">
        <test-method signature="artistDetails()[pri:0, instance:TestCaseClasses.DashboardDetailsTest@41e36e46]" started-at="2023-06-25T18:35:58 IST" name="artistDetails" finished-at="2023-06-25T18:36:00 IST" duration-ms="1971" status="PASS">
          <reporter-output>
          </reporter-output>
        </test-method> <!-- artistDetails -->
        <test-method is-config="true" signature="artType()[pri:0, instance:TestCaseClasses.DashboardDetailsTest@41e36e46]" started-at="2023-06-25T18:35:58 IST" name="artType" finished-at="2023-06-25T18:35:58 IST" duration-ms="0" status="PASS">
          <reporter-output>
          </reporter-output>
        </test-method> <!-- artType -->
        <test-method is-config="true" signature="driverNavigateBackward()[pri:0, instance:TestCaseClasses.DashboardDetailsTest@41e36e46]" started-at="2023-06-25T18:36:00 IST" name="driverNavigateBackward" finished-at="2023-06-25T18:36:02 IST" duration-ms="1114" status="PASS">
          <reporter-output>
          </reporter-output>
        </test-method> <!-- driverNavigateBackward -->
        <test-method signature="artTypeDetails()[pri:1, instance:TestCaseClasses.DashboardDetailsTest@41e36e46]" started-at="2023-06-25T18:36:02 IST" name="artTypeDetails" finished-at="2023-06-25T18:36:03 IST" duration-ms="1602" status="PASS">
          <reporter-output>
          </reporter-output>
        </test-method> <!-- artTypeDetails -->
        <test-method is-config="true" signature="driverNavigateBackward()[pri:0, instance:TestCaseClasses.DashboardDetailsTest@41e36e46]" started-at="2023-06-25T18:36:03 IST" name="driverNavigateBackward" finished-at="2023-06-25T18:36:04 IST" duration-ms="627" status="PASS">
          <reporter-output>
          </reporter-output>
        </test-method> <!-- driverNavigateBackward -->
        <test-method signature="artMediumDetails()[pri:2, instance:TestCaseClasses.DashboardDetailsTest@41e36e46]" started-at="2023-06-25T18:36:04 IST" name="artMediumDetails" finished-at="2023-06-25T18:36:05 IST" duration-ms="1624" status="PASS">
          <reporter-output>
          </reporter-output>
        </test-method> <!-- artMediumDetails -->
        <test-method is-config="true" signature="driverNavigateBackward()[pri:0, instance:TestCaseClasses.DashboardDetailsTest@41e36e46]" started-at="2023-06-25T18:36:05 IST" name="driverNavigateBackward" finished-at="2023-06-25T18:36:06 IST" duration-ms="712" status="PASS">
          <reporter-output>
          </reporter-output>
        </test-method> <!-- driverNavigateBackward -->
        <test-method signature="artProductDetails()[pri:3, instance:TestCaseClasses.DashboardDetailsTest@41e36e46]" started-at="2023-06-25T18:36:06 IST" name="artProductDetails" finished-at="2023-06-25T18:36:08 IST" duration-ms="1834" status="PASS">
          <reporter-output>
          </reporter-output>
        </test-method> <!-- artProductDetails -->
        <test-method is-config="true" signature="driverNavigateBackward()[pri:0, instance:TestCaseClasses.DashboardDetailsTest@41e36e46]" started-at="2023-06-25T18:36:08 IST" name="driverNavigateBackward" finished-at="2023-06-25T18:36:09 IST" duration-ms="595" status="PASS">
          <reporter-output>
          </reporter-output>
        </test-method> <!-- driverNavigateBackward -->
        <test-method signature="AnsweredEnquiryDetails()[pri:4, instance:TestCaseClasses.DashboardDetailsTest@41e36e46]" started-at="2023-06-25T18:36:09 IST" name="AnsweredEnquiryDetails" finished-at="2023-06-25T18:36:16 IST" duration-ms="7300" status="PASS">
          <reporter-output>
          </reporter-output>
        </test-method> <!-- AnsweredEnquiryDetails -->
        <test-method is-config="true" signature="driverNavigateBackward()[pri:0, instance:TestCaseClasses.DashboardDetailsTest@41e36e46]" started-at="2023-06-25T18:36:16 IST" name="driverNavigateBackward" finished-at="2023-06-25T18:36:17 IST" duration-ms="1453" status="PASS">
          <reporter-output>
          </reporter-output>
        </test-method> <!-- driverNavigateBackward -->
        <test-method signature="UnansweredEnquiryDetails()[pri:5, instance:TestCaseClasses.DashboardDetailsTest@41e36e46]" started-at="2023-06-25T18:36:17 IST" name="UnansweredEnquiryDetails" finished-at="2023-06-25T18:36:21 IST" duration-ms="3422" status="PASS">
          <reporter-output>
          </reporter-output>
        </test-method> <!-- UnansweredEnquiryDetails -->
        <test-method is-config="true" signature="driverNavigateBackward()[pri:0, instance:TestCaseClasses.DashboardDetailsTest@41e36e46]" started-at="2023-06-25T18:36:21 IST" name="driverNavigateBackward" finished-at="2023-06-25T18:36:23 IST" duration-ms="2305" status="PASS">
          <reporter-output>
          </reporter-output>
        </test-method> <!-- driverNavigateBackward -->
      </class> <!-- TestCaseClasses.DashboardDetailsTest -->
    </test> <!-- Admin: Dashboard -->
    <test started-at="2023-06-25T18:36:23 IST" name="Admin: Artist" finished-at="2023-06-25T18:36:44 IST" duration-ms="20510">
      <class name="TestCaseClasses.ArtistTest">
        <test-method is-config="true" signature="artType()[pri:0, instance:TestCaseClasses.ArtistTest@72f926e6]" started-at="2023-06-25T18:36:23 IST" name="artType" finished-at="2023-06-25T18:36:23 IST" duration-ms="1" status="PASS">
          <reporter-output>
          </reporter-output>
        </test-method> <!-- artType -->
        <test-method signature="addArtistTest()[pri:0, instance:TestCaseClasses.ArtistTest@72f926e6]" started-at="2023-06-25T18:36:23 IST" name="addArtistTest" finished-at="2023-06-25T18:36:30 IST" duration-ms="7044" status="PASS">
          <reporter-output>
          </reporter-output>
        </test-method> <!-- addArtistTest -->
        <test-method signature="updateArtistTest()[pri:1, instance:TestCaseClasses.ArtistTest@72f926e6]" started-at="2023-06-25T18:36:30 IST" name="updateArtistTest" finished-at="2023-06-25T18:36:42 IST" duration-ms="12195" status="PASS">
          <reporter-output>
          </reporter-output>
        </test-method> <!-- updateArtistTest -->
        <test-method signature="deleteArtistTest()[pri:2, instance:TestCaseClasses.ArtistTest@72f926e6]" started-at="2023-06-25T18:36:42 IST" name="deleteArtistTest" finished-at="2023-06-25T18:36:44 IST" duration-ms="1263" status="PASS">
          <reporter-output>
          </reporter-output>
        </test-method> <!-- deleteArtistTest -->
      </class> <!-- TestCaseClasses.ArtistTest -->
    </test> <!-- Admin: Artist -->
    <test started-at="2023-06-25T18:36:44 IST" name="Admin: Art Type" finished-at="2023-06-25T18:36:53 IST" duration-ms="9332">
      <class name="TestCaseClasses.ArtTypeTest">
        <test-method is-config="true" signature="artType()[pri:0, instance:TestCaseClasses.ArtTypeTest@28eaa59a]" started-at="2023-06-25T18:36:44 IST" name="artType" finished-at="2023-06-25T18:36:44 IST" duration-ms="1" status="PASS">
          <reporter-output>
          </reporter-output>
        </test-method> <!-- artType -->
        <test-method signature="addArtTypeTest()[pri:0, instance:TestCaseClasses.ArtTypeTest@28eaa59a]" started-at="2023-06-25T18:36:44 IST" name="addArtTypeTest" finished-at="2023-06-25T18:36:46 IST" duration-ms="2384" status="PASS">
          <reporter-output>
          </reporter-output>
        </test-method> <!-- addArtTypeTest -->
        <test-method signature="updateArtTypeTest()[pri:1, instance:TestCaseClasses.ArtTypeTest@28eaa59a]" started-at="2023-06-25T18:36:46 IST" name="updateArtTypeTest" finished-at="2023-06-25T18:36:52 IST" duration-ms="5526" status="PASS">
          <reporter-output>
          </reporter-output>
        </test-method> <!-- updateArtTypeTest -->
        <test-method signature="deleteArtTypeTest()[pri:2, instance:TestCaseClasses.ArtTypeTest@28eaa59a]" started-at="2023-06-25T18:36:52 IST" name="deleteArtTypeTest" finished-at="2023-06-25T18:36:53 IST" duration-ms="1414" status="PASS">
          <reporter-output>
          </reporter-output>
        </test-method> <!-- deleteArtTypeTest -->
      </class> <!-- TestCaseClasses.ArtTypeTest -->
    </test> <!-- Admin: Art Type -->
    <test started-at="2023-06-25T18:36:53 IST" name="Admin: Art Medium" finished-at="2023-06-25T18:37:03 IST" duration-ms="9819">
      <class name="TestCaseClasses.ArtMediumTest">
        <test-method is-config="true" signature="artType()[pri:0, instance:TestCaseClasses.ArtMediumTest@2c767a52]" started-at="2023-06-25T18:36:53 IST" name="artType" finished-at="2023-06-25T18:36:53 IST" duration-ms="1" status="PASS">
          <reporter-output>
          </reporter-output>
        </test-method> <!-- artType -->
        <test-method signature="addArtMediumTest()[pri:0, instance:TestCaseClasses.ArtMediumTest@2c767a52]" started-at="2023-06-25T18:36:53 IST" name="addArtMediumTest" finished-at="2023-06-25T18:36:55 IST" duration-ms="2218" status="PASS">
          <reporter-output>
          </reporter-output>
        </test-method> <!-- addArtMediumTest -->
        <test-method signature="updateArtMediumTest()[pri:1, instance:TestCaseClasses.ArtMediumTest@2c767a52]" started-at="2023-06-25T18:36:55 IST" name="updateArtMediumTest" finished-at="2023-06-25T18:37:01 IST" duration-ms="5354" status="PASS">
          <reporter-output>
          </reporter-output>
        </test-method> <!-- updateArtMediumTest -->
        <test-method signature="deleteArtMediumTest()[pri:2, instance:TestCaseClasses.ArtMediumTest@2c767a52]" started-at="2023-06-25T18:37:01 IST" name="deleteArtMediumTest" finished-at="2023-06-25T18:37:03 IST" duration-ms="2237" status="PASS">
          <reporter-output>
          </reporter-output>
        </test-method> <!-- deleteArtMediumTest -->
      </class> <!-- TestCaseClasses.ArtMediumTest -->
    </test> <!-- Admin: Art Medium -->
    <test started-at="2023-06-25T18:37:04 IST" name="Admin: Art Product" finished-at="2023-06-25T18:37:34 IST" duration-ms="29666">
      <class name="TestCaseClasses.ArtProductTest">
        <test-method signature="addArtProductTest()[pri:0, instance:TestCaseClasses.ArtProductTest@61df66b6]" started-at="2023-06-25T18:37:04 IST" name="addArtProductTest" finished-at="2023-06-25T18:37:14 IST" duration-ms="10169" status="PASS">
          <reporter-output>
          </reporter-output>
        </test-method> <!-- addArtProductTest -->
        <test-method is-config="true" signature="artType()[pri:0, instance:TestCaseClasses.ArtProductTest@61df66b6]" started-at="2023-06-25T18:37:04 IST" name="artType" finished-at="2023-06-25T18:37:04 IST" duration-ms="0" status="PASS">
          <reporter-output>
          </reporter-output>
        </test-method> <!-- artType -->
        <test-method signature="updateArtProductTest()[pri:1, instance:TestCaseClasses.ArtProductTest@61df66b6]" started-at="2023-06-25T18:37:14 IST" name="updateArtProductTest" finished-at="2023-06-25T18:37:32 IST" duration-ms="17923" status="PASS">
          <reporter-output>
          </reporter-output>
        </test-method> <!-- updateArtProductTest -->
        <test-method signature="deleteArtProductTest()[pri:2, instance:TestCaseClasses.ArtProductTest@61df66b6]" started-at="2023-06-25T18:37:32 IST" name="deleteArtProductTest" finished-at="2023-06-25T18:37:34 IST" duration-ms="1569" status="PASS">
          <reporter-output>
          </reporter-output>
        </test-method> <!-- deleteArtProductTest -->
      </class> <!-- TestCaseClasses.ArtProductTest -->
    </test> <!-- Admin: Art Product -->
    <test started-at="2023-06-25T18:37:34 IST" name="Admin: Enquiry " finished-at="2023-06-25T18:37:53 IST" duration-ms="19222">
      <class name="TestCaseClasses.EnquiryTest">
        <test-method signature="addEnquiryTest()[pri:0, instance:TestCaseClasses.EnquiryTest@7193666c]" started-at="2023-06-25T18:37:34 IST" name="addEnquiryTest" finished-at="2023-06-25T18:37:42 IST" duration-ms="8507" status="PASS">
          <reporter-output>
          </reporter-output>
        </test-method> <!-- addEnquiryTest -->
        <test-method signature="unansweredEnquiryTest()[pri:1, instance:TestCaseClasses.EnquiryTest@7193666c]" started-at="2023-06-25T18:37:42 IST" name="unansweredEnquiryTest" finished-at="2023-06-25T18:37:46 IST" duration-ms="3888" status="PASS">
          <reporter-output>
          </reporter-output>
        </test-method> <!-- unansweredEnquiryTest -->
        <test-method signature="answeredEnquiryTest()[pri:2, instance:TestCaseClasses.EnquiryTest@7193666c]" started-at="2023-06-25T18:37:46 IST" name="answeredEnquiryTest" finished-at="2023-06-25T18:37:53 IST" duration-ms="6804" status="PASS">
          <reporter-output>
          </reporter-output>
        </test-method> <!-- answeredEnquiryTest -->
      </class> <!-- TestCaseClasses.EnquiryTest -->
    </test> <!-- Admin: Enquiry  -->
    <test started-at="2023-06-25T18:37:53 IST" name="Admin: Enquiry Search" finished-at="2023-06-25T18:38:03 IST" duration-ms="9341">
      <class name="TestCaseClasses.EnquirySearchTest">
        <test-method is-config="true" signature="fetchData()[pri:0, instance:TestCaseClasses.EnquirySearchTest@55b7a4e0]" started-at="2023-06-25T18:37:53 IST" name="fetchData" finished-at="2023-06-25T18:37:58 IST" duration-ms="4667" status="PASS">
          <reporter-output>
          </reporter-output>
        </test-method> <!-- fetchData -->
        <test-method signature="enquirySearchByNameTest()[pri:0, instance:TestCaseClasses.EnquirySearchTest@55b7a4e0]" started-at="2023-06-25T18:37:58 IST" name="enquirySearchByNameTest" finished-at="2023-06-25T18:38:00 IST" duration-ms="1618" status="PASS">
          <reporter-output>
          </reporter-output>
        </test-method> <!-- enquirySearchByNameTest -->
        <test-method signature="enquirySearchByEnquiryNumberTest()[pri:1, instance:TestCaseClasses.EnquirySearchTest@55b7a4e0]" started-at="2023-06-25T18:38:00 IST" name="enquirySearchByEnquiryNumberTest" finished-at="2023-06-25T18:38:01 IST" duration-ms="1493" status="PASS">
          <reporter-output>
          </reporter-output>
        </test-method> <!-- enquirySearchByEnquiryNumberTest -->
        <test-method signature="enquirySearchByMobileNumberTest()[pri:2, instance:TestCaseClasses.EnquirySearchTest@55b7a4e0]" started-at="2023-06-25T18:38:01 IST" name="enquirySearchByMobileNumberTest" finished-at="2023-06-25T18:38:03 IST" duration-ms="1562" status="PASS">
          <reporter-output>
          </reporter-output>
        </test-method> <!-- enquirySearchByMobileNumberTest -->
      </class> <!-- TestCaseClasses.EnquirySearchTest -->
    </test> <!-- Admin: Enquiry Search -->
    <test started-at="2023-06-25T18:38:03 IST" name="Admin: Pages" finished-at="2023-06-25T18:38:29 IST" duration-ms="26515">
      <class name="TestCaseClasses.PagesTest">
        <test-method signature="pagesMenuTestaboutus()[pri:0, instance:TestCaseClasses.PagesTest@479d31f3]" started-at="2023-06-25T18:38:03 IST" name="pagesMenuTestaboutus" finished-at="2023-06-25T18:38:03 IST" duration-ms="372" status="PASS">
          <reporter-output>
          </reporter-output>
        </test-method> <!-- pagesMenuTestaboutus -->
        <test-method signature="updateAboutUsPageTestaboutus()[pri:1, instance:TestCaseClasses.PagesTest@479d31f3]" started-at="2023-06-25T18:38:03 IST" name="updateAboutUsPageTestaboutus" finished-at="2023-06-25T18:38:19 IST" duration-ms="15680" status="PASS">
          <reporter-output>
          </reporter-output>
        </test-method> <!-- updateAboutUsPageTestaboutus -->
        <test-method signature="pagesMenuTestcontactus()[pri:2, instance:TestCaseClasses.PagesTest@479d31f3]" started-at="2023-06-25T18:38:19 IST" name="pagesMenuTestcontactus" finished-at="2023-06-25T18:38:19 IST" duration-ms="355" status="PASS">
          <reporter-output>
          </reporter-output>
        </test-method> <!-- pagesMenuTestcontactus -->
        <test-method signature="updateAboutUsPageTestcontactus()[pri:3, instance:TestCaseClasses.PagesTest@479d31f3]" started-at="2023-06-25T18:38:19 IST" name="updateAboutUsPageTestcontactus" finished-at="2023-06-25T18:38:29 IST" duration-ms="10099" status="PASS">
          <reporter-output>
          </reporter-output>
        </test-method> <!-- updateAboutUsPageTestcontactus -->
      </class> <!-- TestCaseClasses.PagesTest -->
    </test> <!-- Admin: Pages -->
    <test started-at="2023-06-25T18:38:29 IST" name="Admin: Logout" finished-at="2023-06-25T18:38:44 IST" duration-ms="14572">
      <class name="TestCaseClasses.LogoutTest">
        <test-method signature="AdminLogout()[pri:0, instance:TestCaseClasses.LogoutTest@59fd97a8]" started-at="2023-06-25T18:38:29 IST" name="AdminLogout" finished-at="2023-06-25T18:38:44 IST" duration-ms="14570" status="PASS">
          <reporter-output>
          </reporter-output>
        </test-method> <!-- AdminLogout -->
      </class> <!-- TestCaseClasses.LogoutTest -->
    </test> <!-- Admin: Logout -->
    <test started-at="2023-06-25T18:38:44 IST" name="User: NavBar " finished-at="2023-06-25T18:38:51 IST" duration-ms="6517">
      <class name="TestCaseClasses.userNavbarTest">
        <test-method signature="home()[pri:0, instance:TestCaseClasses.userNavbarTest@42e99e4a]" started-at="2023-06-25T18:38:44 IST" name="home" finished-at="2023-06-25T18:38:46 IST" duration-ms="2158" status="PASS">
          <reporter-output>
          </reporter-output>
        </test-method> <!-- home -->
        <test-method signature="about()[pri:1, instance:TestCaseClasses.userNavbarTest@42e99e4a]" started-at="2023-06-25T18:38:46 IST" name="about" finished-at="2023-06-25T18:38:47 IST" duration-ms="944" status="PASS">
          <reporter-output>
          </reporter-output>
        </test-method> <!-- about -->
        <test-method signature="arttype()[pri:2, instance:TestCaseClasses.userNavbarTest@42e99e4a]" started-at="2023-06-25T18:38:47 IST" name="arttype" finished-at="2023-06-25T18:38:48 IST" duration-ms="387" status="PASS">
          <reporter-output>
          </reporter-output>
        </test-method> <!-- arttype -->
        <test-method signature="contactus()[pri:3, instance:TestCaseClasses.userNavbarTest@42e99e4a]" started-at="2023-06-25T18:38:48 IST" name="contactus" finished-at="2023-06-25T18:38:48 IST" duration-ms="639" status="PASS">
          <reporter-output>
          </reporter-output>
        </test-method> <!-- contactus -->
        <test-method signature="admin()[pri:4, instance:TestCaseClasses.userNavbarTest@42e99e4a]" started-at="2023-06-25T18:38:48 IST" name="admin" finished-at="2023-06-25T18:38:51 IST" duration-ms="2383" status="PASS">
          <reporter-output>
          </reporter-output>
        </test-method> <!-- admin -->
      </class> <!-- TestCaseClasses.userNavbarTest -->
    </test> <!-- User: NavBar  -->
    <test started-at="2023-06-25T18:38:51 IST" name="User: Dropdown " finished-at="2023-06-25T18:39:14 IST" duration-ms="23353">
      <class name="TestCaseClasses.userDropdownTest">
        <test-method signature="dropdown()[pri:0, instance:TestCaseClasses.userDropdownTest@7fa98a66]" started-at="2023-06-25T18:38:51 IST" name="dropdown" finished-at="2023-06-25T18:39:14 IST" duration-ms="23351" status="PASS">
          <reporter-output>
          </reporter-output>
        </test-method> <!-- dropdown -->
      </class> <!-- TestCaseClasses.userDropdownTest -->
    </test> <!-- User: Dropdown  -->
    <test started-at="2023-06-25T18:39:15 IST" name="User: Enquiry " finished-at="2023-06-25T18:40:09 IST" duration-ms="54073">
      <class name="TestCaseClasses.userEnquiryTest">
        <test-method signature="dropdown()[pri:0, instance:TestCaseClasses.userEnquiryTest@32eff876]" started-at="2023-06-25T18:39:15 IST" name="dropdown" finished-at="2023-06-25T18:40:09 IST" duration-ms="54070" status="PASS">
          <reporter-output>
          </reporter-output>
        </test-method> <!-- dropdown -->
      </class> <!-- TestCaseClasses.userEnquiryTest -->
    </test> <!-- User: Enquiry  -->
    <test started-at="2023-06-25T18:40:09 IST" name="User: Links " finished-at="2023-06-25T18:40:25 IST" duration-ms="15872">
      <class name="TestCaseClasses.userLinksTest">
        <test-method signature="linkcheck()[pri:0, instance:TestCaseClasses.userLinksTest@158da8e]" started-at="2023-06-25T18:40:09 IST" name="linkcheck" finished-at="2023-06-25T18:40:25 IST" duration-ms="15869" status="PASS">
          <reporter-output>
          </reporter-output>
        </test-method> <!-- linkcheck -->
      </class> <!-- TestCaseClasses.userLinksTest -->
    </test> <!-- User: Links  -->
    <test started-at="2023-06-25T18:40:25 IST" name="User: ViewDetails " finished-at="2023-06-25T18:41:26 IST" duration-ms="60139">
      <class name="TestCaseClasses.userViewDetatilsTest">
        <test-method signature="search()[pri:0, instance:TestCaseClasses.userViewDetatilsTest@5af3afd9]" started-at="2023-06-25T18:40:25 IST" name="search" finished-at="2023-06-25T18:41:26 IST" duration-ms="60137" status="PASS">
          <reporter-output>
          </reporter-output>
        </test-method> <!-- search -->
      </class> <!-- TestCaseClasses.userViewDetatilsTest -->
    </test> <!-- User: ViewDetails  -->
    <test started-at="2023-06-25T18:41:26 IST" name="User: Search " finished-at="2023-06-25T18:41:31 IST" duration-ms="5423">
      <class name="TestCaseClasses.userSearchTest">
        <test-method is-config="true" signature="setupTest()[pri:0, instance:TestCaseClasses.userSearchTest@4567f35d]" started-at="2023-06-25T18:34:53 IST" name="setupTest" finished-at="2023-06-25T18:35:41 IST" duration-ms="48418" status="PASS">
          <reporter-output>
          </reporter-output>
        </test-method> <!-- setupTest -->
        <test-method signature="search()[pri:0, instance:TestCaseClasses.userSearchTest@4567f35d]" started-at="2023-06-25T18:41:26 IST" name="search" finished-at="2023-06-25T18:41:31 IST" duration-ms="5420" status="PASS">
          <reporter-output>
          </reporter-output>
        </test-method> <!-- search -->
        <test-method is-config="true" signature="tearDown()[pri:0, instance:TestCaseClasses.userSearchTest@4567f35d]" started-at="2023-06-25T18:41:31 IST" name="tearDown" finished-at="2023-06-25T18:41:33 IST" duration-ms="1981" status="PASS">
          <reporter-output>
          </reporter-output>
        </test-method> <!-- tearDown -->
      </class> <!-- TestCaseClasses.userSearchTest -->
    </test> <!-- User: Search  -->
  </suite> <!-- Art Gallery Testing -->
</testng-results>
