<?xml version="1.0" encoding="UTF-8"?>
<testng-results ignored="0" total="3" passed="3" failed="0" skipped="0">
  <reporter-output>
  </reporter-output>
  <suite started-at="2023-06-20T20:28:10 IST" name="Art Gallery Testing" finished-at="2023-06-20T20:28:21 IST" duration-ms="11121">
    <groups>
    </groups>
    <test started-at="2023-06-20T20:28:10 IST" name="Admin: Login" finished-at="2023-06-20T20:28:15 IST" duration-ms="4604">
      <class name="TestCaseClasses.LoginTest">
        <test-method signature="AdminLoginWithInValidDetails()[pri:0, instance:TestCaseClasses.LoginTest@7f552bd3]" started-at="2023-06-20T20:28:10 IST" name="AdminLoginWithInValidDetails" finished-at="2023-06-20T20:28:12 IST" duration-ms="2113" status="PASS">
          <reporter-output>
          </reporter-output>
        </test-method> <!-- AdminLoginWithInValidDetails -->
        <test-method signature="AdminLoginWithValidDetails()[pri:1, instance:TestCaseClasses.LoginTest@7f552bd3]" started-at="2023-06-20T20:28:12 IST" name="AdminLoginWithValidDetails" finished-at="2023-06-20T20:28:15 IST" duration-ms="2307" status="PASS">
          <reporter-output>
          </reporter-output>
        </test-method> <!-- AdminLoginWithValidDetails -->
      </class> <!-- TestCaseClasses.LoginTest -->
    </test> <!-- Admin: Login -->
    <test started-at="2023-06-20T20:28:15 IST" name="Admin: Pages" finished-at="2023-06-20T20:28:21 IST" duration-ms="6432">
      <class name="TestCaseClasses.PagesTest">
        <test-method is-config="true" signature="setupTest()[pri:0, instance:TestCaseClasses.PagesTest@9353778]" started-at="2023-06-20T20:27:46 IST" name="setupTest" finished-at="2023-06-20T20:28:10 IST" duration-ms="24283" status="PASS">
          <reporter-output>
          </reporter-output>
        </test-method> <!-- setupTest -->
        <test-method signature="updateAboutUsPageTest()[pri:0, instance:TestCaseClasses.PagesTest@9353778]" started-at="2023-06-20T20:28:15 IST" name="updateAboutUsPageTest" finished-at="2023-06-20T20:28:21 IST" duration-ms="6428" status="PASS">
          <reporter-output>
          </reporter-output>
        </test-method> <!-- updateAboutUsPageTest -->
        <test-method is-config="true" signature="tearDown()[pri:0, instance:TestCaseClasses.PagesTest@9353778]" started-at="2023-06-20T20:28:21 IST" name="tearDown" finished-at="2023-06-20T20:28:24 IST" duration-ms="2254" status="PASS">
          <reporter-output>
          </reporter-output>
        </test-method> <!-- tearDown -->
      </class> <!-- TestCaseClasses.PagesTest -->
    </test> <!-- Admin: Pages -->
  </suite> <!-- Art Gallery Testing -->
</testng-results>
