<?xml version="1.0" encoding="UTF-8"?>
<testng-results ignored="30" total="71" passed="41" failed="0" skipped="0">
  <reporter-output>
  </reporter-output>
  <suite started-at="2023-07-23T11:29:14 IST" name="Art Gallery Testing" finished-at="2023-07-23T11:38:51 IST" duration-ms="576834">
    <groups>
      <group name="arttype">
        <method signature="ArtTypeTest.addArtTypeTest()[pri:9, instance:TestCaseClasses.ArtTypeTest@481a996b]" name="addArtTypeTest" class="TestCaseClasses.ArtTypeTest"/>
        <method signature="ArtTypeTest.updateArtTypeTest()[pri:10, instance:TestCaseClasses.ArtTypeTest@481a996b]" name="updateArtTypeTest" class="TestCaseClasses.ArtTypeTest"/>
        <method signature="ArtTypeTest.deleteArtTypeTest()[pri:11, instance:TestCaseClasses.ArtTypeTest@481a996b]" name="deleteArtTypeTest" class="TestCaseClasses.ArtTypeTest"/>
      </group> <!-- arttype -->
      <group name="artist">
        <method signature="ArtistTest.addArtistTest()[pri:6, instance:TestCaseClasses.ArtistTest@27ce24aa]" name="addArtistTest" class="TestCaseClasses.ArtistTest"/>
        <method signature="ArtistTest.updateArtistTest()[pri:7, instance:TestCaseClasses.ArtistTest@27ce24aa]" name="updateArtistTest" class="TestCaseClasses.ArtistTest"/>
        <method signature="ArtistTest.deleteArtistTest()[pri:8, instance:TestCaseClasses.ArtistTest@27ce24aa]" name="deleteArtistTest" class="TestCaseClasses.ArtistTest"/>
      </group> <!-- artist -->
      <group name="admin">
        <method signature="DashboardDetailsTest.artistDetails()[pri:0, instance:TestCaseClasses.DashboardDetailsTest@1cbbffcd]" name="artistDetails" class="TestCaseClasses.DashboardDetailsTest"/>
        <method signature="DashboardDetailsTest.artTypeDetails()[pri:1, instance:TestCaseClasses.DashboardDetailsTest@1cbbffcd]" name="artTypeDetails" class="TestCaseClasses.DashboardDetailsTest"/>
        <method signature="DashboardDetailsTest.artMediumDetails()[pri:2, instance:TestCaseClasses.DashboardDetailsTest@1cbbffcd]" name="artMediumDetails" class="TestCaseClasses.DashboardDetailsTest"/>
        <method signature="DashboardDetailsTest.artProductDetails()[pri:3, instance:TestCaseClasses.DashboardDetailsTest@1cbbffcd]" name="artProductDetails" class="TestCaseClasses.DashboardDetailsTest"/>
        <method signature="DashboardDetailsTest.AnsweredEnquiryDetails()[pri:4, instance:TestCaseClasses.DashboardDetailsTest@1cbbffcd]" name="AnsweredEnquiryDetails" class="TestCaseClasses.DashboardDetailsTest"/>
        <method signature="DashboardDetailsTest.UnansweredEnquiryDetails()[pri:5, instance:TestCaseClasses.DashboardDetailsTest@1cbbffcd]" name="UnansweredEnquiryDetails" class="TestCaseClasses.DashboardDetailsTest"/>
        <method signature="ArtistTest.addArtistTest()[pri:6, instance:TestCaseClasses.ArtistTest@27ce24aa]" name="addArtistTest" class="TestCaseClasses.ArtistTest"/>
        <method signature="ArtistTest.updateArtistTest()[pri:7, instance:TestCaseClasses.ArtistTest@27ce24aa]" name="updateArtistTest" class="TestCaseClasses.ArtistTest"/>
        <method signature="ArtistTest.deleteArtistTest()[pri:8, instance:TestCaseClasses.ArtistTest@27ce24aa]" name="deleteArtistTest" class="TestCaseClasses.ArtistTest"/>
        <method signature="ArtTypeTest.addArtTypeTest()[pri:9, instance:TestCaseClasses.ArtTypeTest@481a996b]" name="addArtTypeTest" class="TestCaseClasses.ArtTypeTest"/>
        <method signature="ArtTypeTest.updateArtTypeTest()[pri:10, instance:TestCaseClasses.ArtTypeTest@481a996b]" name="updateArtTypeTest" class="TestCaseClasses.ArtTypeTest"/>
        <method signature="ArtTypeTest.deleteArtTypeTest()[pri:11, instance:TestCaseClasses.ArtTypeTest@481a996b]" name="deleteArtTypeTest" class="TestCaseClasses.ArtTypeTest"/>
        <method signature="ArtMediumTest.addArtMediumTest()[pri:12, instance:TestCaseClasses.ArtMediumTest@3d51f06e]" name="addArtMediumTest" class="TestCaseClasses.ArtMediumTest"/>
        <method signature="ArtMediumTest.updateArtMediumTest()[pri:13, instance:TestCaseClasses.ArtMediumTest@3d51f06e]" name="updateArtMediumTest" class="TestCaseClasses.ArtMediumTest"/>
        <method signature="ArtMediumTest.deleteArtMediumTest()[pri:14, instance:TestCaseClasses.ArtMediumTest@3d51f06e]" name="deleteArtMediumTest" class="TestCaseClasses.ArtMediumTest"/>
        <method signature="ArtProductTest.addArtProductTest()[pri:15, instance:TestCaseClasses.ArtProductTest@7ed7259e]" name="addArtProductTest" class="TestCaseClasses.ArtProductTest"/>
        <method signature="ArtProductTest.updateArtProductTest()[pri:16, instance:TestCaseClasses.ArtProductTest@7ed7259e]" name="updateArtProductTest" class="TestCaseClasses.ArtProductTest"/>
        <method signature="ArtProductTest.deleteArtProductTest()[pri:17, instance:TestCaseClasses.ArtProductTest@7ed7259e]" name="deleteArtProductTest" class="TestCaseClasses.ArtProductTest"/>
        <method signature="EnquiryTest.addEnquiryTest()[pri:18, instance:TestCaseClasses.EnquiryTest@28eaa59a]" name="addEnquiryTest" class="TestCaseClasses.EnquiryTest"/>
        <method signature="EnquiryTest.unansweredEnquiryTest()[pri:19, instance:TestCaseClasses.EnquiryTest@28eaa59a]" name="unansweredEnquiryTest" class="TestCaseClasses.EnquiryTest"/>
        <method signature="EnquiryTest.answeredEnquiryTest()[pri:20, instance:TestCaseClasses.EnquiryTest@28eaa59a]" name="answeredEnquiryTest" class="TestCaseClasses.EnquiryTest"/>
        <method signature="EnquirySearchTest.enquirySearchByNameTest()[pri:21, instance:TestCaseClasses.EnquirySearchTest@3427b02d]" name="enquirySearchByNameTest" class="TestCaseClasses.EnquirySearchTest"/>
        <method signature="EnquirySearchTest.enquirySearchByEnquiryNumberTest()[pri:22, instance:TestCaseClasses.EnquirySearchTest@3427b02d]" name="enquirySearchByEnquiryNumberTest" class="TestCaseClasses.EnquirySearchTest"/>
        <method signature="EnquirySearchTest.enquirySearchByMobileNumberTest()[pri:23, instance:TestCaseClasses.EnquirySearchTest@3427b02d]" name="enquirySearchByMobileNumberTest" class="TestCaseClasses.EnquirySearchTest"/>
        <method signature="PagesTest.pagesMenuTestaboutus()[pri:24, instance:TestCaseClasses.PagesTest@647e447]" name="pagesMenuTestaboutus" class="TestCaseClasses.PagesTest"/>
        <method signature="PagesTest.updateAboutUsPageTestaboutus()[pri:25, instance:TestCaseClasses.PagesTest@647e447]" name="updateAboutUsPageTestaboutus" class="TestCaseClasses.PagesTest"/>
        <method signature="PagesTest.pagesMenuTestcontactus()[pri:26, instance:TestCaseClasses.PagesTest@647e447]" name="pagesMenuTestcontactus" class="TestCaseClasses.PagesTest"/>
        <method signature="PagesTest.updateContactUsPageTestContactUs()[pri:27, instance:TestCaseClasses.PagesTest@647e447]" name="updateContactUsPageTestContactUs" class="TestCaseClasses.PagesTest"/>
      </group> <!-- admin -->
      <group name="smoketest">
        <method signature="ArtistTest.addArtistTest()[pri:6, instance:TestCaseClasses.ArtistTest@27ce24aa]" name="addArtistTest" class="TestCaseClasses.ArtistTest"/>
        <method signature="ArtistTest.deleteArtistTest()[pri:8, instance:TestCaseClasses.ArtistTest@27ce24aa]" name="deleteArtistTest" class="TestCaseClasses.ArtistTest"/>
        <method signature="ArtMediumTest.addArtMediumTest()[pri:12, instance:TestCaseClasses.ArtMediumTest@3d51f06e]" name="addArtMediumTest" class="TestCaseClasses.ArtMediumTest"/>
        <method signature="ArtMediumTest.deleteArtMediumTest()[pri:14, instance:TestCaseClasses.ArtMediumTest@3d51f06e]" name="deleteArtMediumTest" class="TestCaseClasses.ArtMediumTest"/>
      </group> <!-- smoketest -->
      <group name="login">
        <method signature="LoginTest.AdminLoginWithInValidDetails()[pri:0, instance:TestCaseClasses.LoginTest@15c43bd9]" name="AdminLoginWithInValidDetails" class="TestCaseClasses.LoginTest"/>
        <method signature="LoginTest.AdminLoginWithValidDetails()[pri:0, instance:TestCaseClasses.LoginTest@15c43bd9]" name="AdminLoginWithValidDetails" class="TestCaseClasses.LoginTest"/>
      </group> <!-- login -->
      <group name="artProduct">
        <method signature="ArtProductTest.addArtProductTest()[pri:15, instance:TestCaseClasses.ArtProductTest@7ed7259e]" name="addArtProductTest" class="TestCaseClasses.ArtProductTest"/>
        <method signature="ArtProductTest.updateArtProductTest()[pri:16, instance:TestCaseClasses.ArtProductTest@7ed7259e]" name="updateArtProductTest" class="TestCaseClasses.ArtProductTest"/>
        <method signature="ArtProductTest.deleteArtProductTest()[pri:17, instance:TestCaseClasses.ArtProductTest@7ed7259e]" name="deleteArtProductTest" class="TestCaseClasses.ArtProductTest"/>
      </group> <!-- artProduct -->
      <group name="logout">
        <method signature="LogoutTest.AdminLogout()[pri:28, instance:TestCaseClasses.LogoutTest@41fbdac4]" name="AdminLogout" class="TestCaseClasses.LogoutTest"/>
      </group> <!-- logout -->
      <group name="artMedium">
        <method signature="ArtMediumTest.addArtMediumTest()[pri:12, instance:TestCaseClasses.ArtMediumTest@3d51f06e]" name="addArtMediumTest" class="TestCaseClasses.ArtMediumTest"/>
        <method signature="ArtMediumTest.updateArtMediumTest()[pri:13, instance:TestCaseClasses.ArtMediumTest@3d51f06e]" name="updateArtMediumTest" class="TestCaseClasses.ArtMediumTest"/>
        <method signature="ArtMediumTest.deleteArtMediumTest()[pri:14, instance:TestCaseClasses.ArtMediumTest@3d51f06e]" name="deleteArtMediumTest" class="TestCaseClasses.ArtMediumTest"/>
      </group> <!-- artMedium -->
      <group name="pages">
        <method signature="PagesTest.pagesMenuTestaboutus()[pri:24, instance:TestCaseClasses.PagesTest@647e447]" name="pagesMenuTestaboutus" class="TestCaseClasses.PagesTest"/>
        <method signature="PagesTest.updateAboutUsPageTestaboutus()[pri:25, instance:TestCaseClasses.PagesTest@647e447]" name="updateAboutUsPageTestaboutus" class="TestCaseClasses.PagesTest"/>
        <method signature="PagesTest.pagesMenuTestcontactus()[pri:26, instance:TestCaseClasses.PagesTest@647e447]" name="pagesMenuTestcontactus" class="TestCaseClasses.PagesTest"/>
        <method signature="PagesTest.updateContactUsPageTestContactUs()[pri:27, instance:TestCaseClasses.PagesTest@647e447]" name="updateContactUsPageTestContactUs" class="TestCaseClasses.PagesTest"/>
      </group> <!-- pages -->
      <group name="regression">
        <method signature="userNavbarTest.home()[pri:29, instance:TestCaseClasses.userNavbarTest@3c407114]" name="home" class="TestCaseClasses.userNavbarTest"/>
        <method signature="userNavbarTest.about()[pri:30, instance:TestCaseClasses.userNavbarTest@3c407114]" name="about" class="TestCaseClasses.userNavbarTest"/>
        <method signature="userNavbarTest.arttype()[pri:31, instance:TestCaseClasses.userNavbarTest@3c407114]" name="arttype" class="TestCaseClasses.userNavbarTest"/>
        <method signature="userNavbarTest.contactus()[pri:32, instance:TestCaseClasses.userNavbarTest@3c407114]" name="contactus" class="TestCaseClasses.userNavbarTest"/>
        <method signature="userNavbarTest.admin()[pri:33, instance:TestCaseClasses.userNavbarTest@3c407114]" name="admin" class="TestCaseClasses.userNavbarTest"/>
        <method signature="userDropdownTest.dropdown()[pri:34, instance:TestCaseClasses.userDropdownTest@35ef1869]" name="dropdown" class="TestCaseClasses.userDropdownTest"/>
        <method signature="userViewDetatilsTest.search()[pri:37, instance:TestCaseClasses.userViewDetatilsTest@2c767a52]" name="search" class="TestCaseClasses.userViewDetatilsTest"/>
      </group> <!-- regression -->
      <group name="enquiry">
        <method signature="EnquiryTest.addEnquiryTest()[pri:18, instance:TestCaseClasses.EnquiryTest@28eaa59a]" name="addEnquiryTest" class="TestCaseClasses.EnquiryTest"/>
        <method signature="EnquiryTest.unansweredEnquiryTest()[pri:19, instance:TestCaseClasses.EnquiryTest@28eaa59a]" name="unansweredEnquiryTest" class="TestCaseClasses.EnquiryTest"/>
        <method signature="EnquiryTest.answeredEnquiryTest()[pri:20, instance:TestCaseClasses.EnquiryTest@28eaa59a]" name="answeredEnquiryTest" class="TestCaseClasses.EnquiryTest"/>
        <method signature="EnquirySearchTest.enquirySearchByNameTest()[pri:21, instance:TestCaseClasses.EnquirySearchTest@3427b02d]" name="enquirySearchByNameTest" class="TestCaseClasses.EnquirySearchTest"/>
        <method signature="EnquirySearchTest.enquirySearchByEnquiryNumberTest()[pri:22, instance:TestCaseClasses.EnquirySearchTest@3427b02d]" name="enquirySearchByEnquiryNumberTest" class="TestCaseClasses.EnquirySearchTest"/>
        <method signature="EnquirySearchTest.enquirySearchByMobileNumberTest()[pri:23, instance:TestCaseClasses.EnquirySearchTest@3427b02d]" name="enquirySearchByMobileNumberTest" class="TestCaseClasses.EnquirySearchTest"/>
      </group> <!-- enquiry -->
      <group name="user">
        <method signature="userNavbarTest.home()[pri:29, instance:TestCaseClasses.userNavbarTest@3c407114]" name="home" class="TestCaseClasses.userNavbarTest"/>
        <method signature="userNavbarTest.about()[pri:30, instance:TestCaseClasses.userNavbarTest@3c407114]" name="about" class="TestCaseClasses.userNavbarTest"/>
        <method signature="userNavbarTest.arttype()[pri:31, instance:TestCaseClasses.userNavbarTest@3c407114]" name="arttype" class="TestCaseClasses.userNavbarTest"/>
        <method signature="userNavbarTest.contactus()[pri:32, instance:TestCaseClasses.userNavbarTest@3c407114]" name="contactus" class="TestCaseClasses.userNavbarTest"/>
        <method signature="userNavbarTest.admin()[pri:33, instance:TestCaseClasses.userNavbarTest@3c407114]" name="admin" class="TestCaseClasses.userNavbarTest"/>
        <method signature="userDropdownTest.dropdown()[pri:34, instance:TestCaseClasses.userDropdownTest@35ef1869]" name="dropdown" class="TestCaseClasses.userDropdownTest"/>
        <method signature="userEnquiryTest.dropdown()[pri:35, instance:TestCaseClasses.userEnquiryTest@c33b74f]" name="dropdown" class="TestCaseClasses.userEnquiryTest"/>
        <method signature="userLinksTest.linkcheck()[pri:36, instance:TestCaseClasses.userLinksTest@130161f7]" name="linkcheck" class="TestCaseClasses.userLinksTest"/>
        <method signature="userViewDetatilsTest.search()[pri:37, instance:TestCaseClasses.userViewDetatilsTest@2c767a52]" name="search" class="TestCaseClasses.userViewDetatilsTest"/>
        <method signature="userSearchTest.search()[pri:38, instance:TestCaseClasses.userSearchTest@619713e5]" name="search" class="TestCaseClasses.userSearchTest"/>
      </group> <!-- user -->
      <group name="dashboard">
        <method signature="DashboardDetailsTest.artistDetails()[pri:0, instance:TestCaseClasses.DashboardDetailsTest@1cbbffcd]" name="artistDetails" class="TestCaseClasses.DashboardDetailsTest"/>
        <method signature="DashboardDetailsTest.artTypeDetails()[pri:1, instance:TestCaseClasses.DashboardDetailsTest@1cbbffcd]" name="artTypeDetails" class="TestCaseClasses.DashboardDetailsTest"/>
        <method signature="DashboardDetailsTest.artMediumDetails()[pri:2, instance:TestCaseClasses.DashboardDetailsTest@1cbbffcd]" name="artMediumDetails" class="TestCaseClasses.DashboardDetailsTest"/>
        <method signature="DashboardDetailsTest.artProductDetails()[pri:3, instance:TestCaseClasses.DashboardDetailsTest@1cbbffcd]" name="artProductDetails" class="TestCaseClasses.DashboardDetailsTest"/>
        <method signature="DashboardDetailsTest.AnsweredEnquiryDetails()[pri:4, instance:TestCaseClasses.DashboardDetailsTest@1cbbffcd]" name="AnsweredEnquiryDetails" class="TestCaseClasses.DashboardDetailsTest"/>
        <method signature="DashboardDetailsTest.UnansweredEnquiryDetails()[pri:5, instance:TestCaseClasses.DashboardDetailsTest@1cbbffcd]" name="UnansweredEnquiryDetails" class="TestCaseClasses.DashboardDetailsTest"/>
      </group> <!-- dashboard -->
    </groups>
    <test started-at="2023-07-23T11:29:14 IST" name="test" finished-at="2023-07-23T11:38:51 IST" duration-ms="576834">
      <class name="TestCaseClasses.ArtTypeTest">
        <test-method is-config="true" signature="artType()[pri:0, instance:TestCaseClasses.ArtTypeTest@481a996b]" started-at="2023-07-23T11:30:56 IST" name="artType" finished-at="2023-07-23T11:30:56 IST" duration-ms="1" status="PASS">
          <reporter-output>
          </reporter-output>
        </test-method> <!-- artType -->
        <test-method signature="addArtTypeTest()[pri:9, instance:TestCaseClasses.ArtTypeTest@481a996b]" started-at="2023-07-23T11:30:56 IST" name="addArtTypeTest" finished-at="2023-07-23T11:31:00 IST" depends-on-methods="AdminLoginWithValidDetails" duration-ms="3736" status="PASS">
          <reporter-output>
          </reporter-output>
        </test-method> <!-- addArtTypeTest -->
        <test-method signature="updateArtTypeTest()[pri:10, instance:TestCaseClasses.ArtTypeTest@481a996b]" started-at="2023-07-23T11:31:00 IST" name="updateArtTypeTest" finished-at="2023-07-23T11:31:10 IST" depends-on-methods="TestCaseClasses.ArtTypeTest.addArtTypeTest" duration-ms="9829" status="PASS">
          <reporter-output>
          </reporter-output>
        </test-method> <!-- updateArtTypeTest -->
        <test-method signature="deleteArtTypeTest()[pri:11, instance:TestCaseClasses.ArtTypeTest@481a996b]" started-at="2023-07-23T11:31:10 IST" name="deleteArtTypeTest" finished-at="2023-07-23T11:31:15 IST" depends-on-methods="TestCaseClasses.ArtTypeTest.addArtTypeTest" duration-ms="5016" status="PASS">
          <reporter-output>
          </reporter-output>
        </test-method> <!-- deleteArtTypeTest -->
      </class> <!-- TestCaseClasses.ArtTypeTest -->
      <class name="TestCaseClasses.userViewDetatilsTest">
        <test-method signature="search()[pri:37, instance:TestCaseClasses.userViewDetatilsTest@2c767a52]" started-at="2023-07-23T11:37:18 IST" name="search" finished-at="2023-07-23T11:38:43 IST" duration-ms="85184" status="PASS">
          <reporter-output>
          </reporter-output>
        </test-method> <!-- search -->
      </class> <!-- TestCaseClasses.userViewDetatilsTest -->
      <class name="TestCaseClasses.userLinksTest">
        <test-method signature="linkcheck()[pri:36, instance:TestCaseClasses.userLinksTest@130161f7]" started-at="2023-07-23T11:36:58 IST" name="linkcheck" finished-at="2023-07-23T11:37:18 IST" duration-ms="20661" status="PASS">
          <reporter-output>
          </reporter-output>
        </test-method> <!-- linkcheck -->
      </class> <!-- TestCaseClasses.userLinksTest -->
      <class name="TestCaseClasses.EnquiryTest">
        <test-method signature="addEnquiryTest()[pri:18, instance:TestCaseClasses.EnquiryTest@28eaa59a]" started-at="2023-07-23T11:32:25 IST" name="addEnquiryTest" finished-at="2023-07-23T11:32:37 IST" duration-ms="11645" status="PASS">
          <reporter-output>
          </reporter-output>
        </test-method> <!-- addEnquiryTest -->
        <test-method signature="unansweredEnquiryTest()[pri:19, instance:TestCaseClasses.EnquiryTest@28eaa59a]" started-at="2023-07-23T11:32:37 IST" name="unansweredEnquiryTest" finished-at="2023-07-23T11:32:43 IST" depends-on-methods="AdminLoginWithValidDetails" duration-ms="5969" status="PASS">
          <reporter-output>
          </reporter-output>
        </test-method> <!-- unansweredEnquiryTest -->
        <test-method signature="answeredEnquiryTest()[pri:20, instance:TestCaseClasses.EnquiryTest@28eaa59a]" started-at="2023-07-23T11:32:43 IST" name="answeredEnquiryTest" finished-at="2023-07-23T11:32:52 IST" depends-on-methods="AdminLoginWithValidDetails" duration-ms="8815" status="PASS">
          <reporter-output>
          </reporter-output>
        </test-method> <!-- answeredEnquiryTest -->
      </class> <!-- TestCaseClasses.EnquiryTest -->
      <class name="TestCaseClasses.ArtProductTest">
        <test-method is-config="true" signature="artProduct()[pri:0, instance:TestCaseClasses.ArtProductTest@7ed7259e]" started-at="2023-07-23T11:31:37 IST" name="artProduct" finished-at="2023-07-23T11:31:37 IST" duration-ms="1" status="PASS">
          <reporter-output>
          </reporter-output>
        </test-method> <!-- artProduct -->
        <test-method signature="addArtProductTest()[pri:15, instance:TestCaseClasses.ArtProductTest@7ed7259e]" started-at="2023-07-23T11:31:37 IST" name="addArtProductTest" finished-at="2023-07-23T11:31:50 IST" depends-on-methods="AdminLoginWithValidDetails" duration-ms="13208" status="PASS">
          <reporter-output>
          </reporter-output>
        </test-method> <!-- addArtProductTest -->
        <test-method signature="updateArtProductTest()[pri:16, instance:TestCaseClasses.ArtProductTest@7ed7259e]" started-at="2023-07-23T11:31:50 IST" name="updateArtProductTest" finished-at="2023-07-23T11:32:19 IST" depends-on-methods="TestCaseClasses.ArtProductTest.addArtProductTest" duration-ms="28944" status="PASS">
          <reporter-output>
          </reporter-output>
        </test-method> <!-- updateArtProductTest -->
        <test-method signature="deleteArtProductTest()[pri:17, instance:TestCaseClasses.ArtProductTest@7ed7259e]" started-at="2023-07-23T11:32:19 IST" name="deleteArtProductTest" finished-at="2023-07-23T11:32:25 IST" depends-on-methods="TestCaseClasses.ArtProductTest.addArtProductTest" duration-ms="6515" status="PASS">
          <reporter-output>
          </reporter-output>
        </test-method> <!-- deleteArtProductTest -->
      </class> <!-- TestCaseClasses.ArtProductTest -->
      <class name="TestCaseClasses.userSearchTest">
        <test-method signature="search()[pri:38, instance:TestCaseClasses.userSearchTest@619713e5]" started-at="2023-07-23T11:38:43 IST" name="search" finished-at="2023-07-23T11:38:51 IST" duration-ms="7856" status="PASS">
          <reporter-output>
          </reporter-output>
        </test-method> <!-- search -->
      </class> <!-- TestCaseClasses.userSearchTest -->
      <class name="TestCaseClasses.userDropdownTest">
        <test-method signature="dropdown()[pri:34, instance:TestCaseClasses.userDropdownTest@35ef1869]" started-at="2023-07-23T11:34:52 IST" name="dropdown" finished-at="2023-07-23T11:35:28 IST" duration-ms="36091" status="PASS">
          <reporter-output>
          </reporter-output>
        </test-method> <!-- dropdown -->
      </class> <!-- TestCaseClasses.userDropdownTest -->
      <class name="TestCaseClasses.EnquirySearchTest">
        <test-method is-config="true" signature="fetchData()[pri:0, instance:TestCaseClasses.EnquirySearchTest@3427b02d]" started-at="2023-07-23T11:32:52 IST" name="fetchData" finished-at="2023-07-23T11:32:59 IST" duration-ms="6958" status="PASS">
          <reporter-output>
          </reporter-output>
        </test-method> <!-- fetchData -->
        <test-method signature="enquirySearchByNameTest()[pri:21, instance:TestCaseClasses.EnquirySearchTest@3427b02d]" started-at="2023-07-23T11:32:59 IST" name="enquirySearchByNameTest" finished-at="2023-07-23T11:33:07 IST" depends-on-methods="AdminLoginWithValidDetails" duration-ms="8427" status="PASS">
          <reporter-output>
          </reporter-output>
        </test-method> <!-- enquirySearchByNameTest -->
        <test-method signature="enquirySearchByEnquiryNumberTest()[pri:22, instance:TestCaseClasses.EnquirySearchTest@3427b02d]" started-at="2023-07-23T11:33:07 IST" name="enquirySearchByEnquiryNumberTest" finished-at="2023-07-23T11:33:10 IST" depends-on-methods="AdminLoginWithValidDetails" duration-ms="2309" status="PASS">
          <reporter-output>
          </reporter-output>
        </test-method> <!-- enquirySearchByEnquiryNumberTest -->
        <test-method signature="enquirySearchByMobileNumberTest()[pri:23, instance:TestCaseClasses.EnquirySearchTest@3427b02d]" started-at="2023-07-23T11:33:10 IST" name="enquirySearchByMobileNumberTest" finished-at="2023-07-23T11:33:18 IST" depends-on-methods="AdminLoginWithValidDetails" duration-ms="8184" status="PASS">
          <reporter-output>
          </reporter-output>
        </test-method> <!-- enquirySearchByMobileNumberTest -->
      </class> <!-- TestCaseClasses.EnquirySearchTest -->
      <class name="TestCaseClasses.userNavbarTest">
        <test-method signature="home()[pri:29, instance:TestCaseClasses.userNavbarTest@3c407114]" started-at="2023-07-23T11:34:44 IST" name="home" finished-at="2023-07-23T11:34:46 IST" duration-ms="2467" status="PASS">
          <reporter-output>
          </reporter-output>
        </test-method> <!-- home -->
        <test-method signature="about()[pri:30, instance:TestCaseClasses.userNavbarTest@3c407114]" started-at="2023-07-23T11:34:46 IST" name="about" finished-at="2023-07-23T11:34:47 IST" duration-ms="798" status="PASS">
          <reporter-output>
          </reporter-output>
        </test-method> <!-- about -->
        <test-method signature="arttype()[pri:31, instance:TestCaseClasses.userNavbarTest@3c407114]" started-at="2023-07-23T11:34:47 IST" name="arttype" finished-at="2023-07-23T11:34:48 IST" duration-ms="706" status="PASS">
          <reporter-output>
          </reporter-output>
        </test-method> <!-- arttype -->
        <test-method signature="contactus()[pri:32, instance:TestCaseClasses.userNavbarTest@3c407114]" started-at="2023-07-23T11:34:48 IST" name="contactus" finished-at="2023-07-23T11:34:49 IST" duration-ms="824" status="PASS">
          <reporter-output>
          </reporter-output>
        </test-method> <!-- contactus -->
        <test-method signature="admin()[pri:33, instance:TestCaseClasses.userNavbarTest@3c407114]" started-at="2023-07-23T11:34:49 IST" name="admin" finished-at="2023-07-23T11:34:52 IST" duration-ms="3471" status="PASS">
          <reporter-output>
          </reporter-output>
        </test-method> <!-- admin -->
      </class> <!-- TestCaseClasses.userNavbarTest -->
      <class name="TestCaseClasses.ArtistTest">
        <test-method is-config="true" signature="artist()[pri:0, instance:TestCaseClasses.ArtistTest@27ce24aa]" started-at="2023-07-23T11:30:27 IST" name="artist" finished-at="2023-07-23T11:30:27 IST" duration-ms="1" status="PASS">
          <reporter-output>
          </reporter-output>
        </test-method> <!-- artist -->
        <test-method signature="addArtistTest()[pri:6, instance:TestCaseClasses.ArtistTest@27ce24aa]" started-at="2023-07-23T11:30:27 IST" name="addArtistTest" finished-at="2023-07-23T11:30:37 IST" depends-on-methods="AdminLoginWithValidDetails" duration-ms="9177" status="PASS">
          <reporter-output>
          </reporter-output>
        </test-method> <!-- addArtistTest -->
        <test-method signature="updateArtistTest()[pri:7, instance:TestCaseClasses.ArtistTest@27ce24aa]" started-at="2023-07-23T11:30:37 IST" name="updateArtistTest" finished-at="2023-07-23T11:30:51 IST" depends-on-methods="TestCaseClasses.ArtistTest.addArtistTest" duration-ms="14374" status="PASS">
          <reporter-output>
          </reporter-output>
        </test-method> <!-- updateArtistTest -->
        <test-method signature="deleteArtistTest()[pri:8, instance:TestCaseClasses.ArtistTest@27ce24aa]" started-at="2023-07-23T11:30:51 IST" name="deleteArtistTest" finished-at="2023-07-23T11:30:56 IST" depends-on-methods="TestCaseClasses.ArtistTest.addArtistTest" duration-ms="5456" status="PASS">
          <reporter-output>
          </reporter-output>
        </test-method> <!-- deleteArtistTest -->
      </class> <!-- TestCaseClasses.ArtistTest -->
      <class name="TestCaseClasses.LogoutTest">
        <test-method signature="AdminLogout()[pri:28, instance:TestCaseClasses.LogoutTest@41fbdac4]" started-at="2023-07-23T11:34:31 IST" name="AdminLogout" finished-at="2023-07-23T11:34:44 IST" duration-ms="13103" status="PASS">
          <reporter-output>
          </reporter-output>
        </test-method> <!-- AdminLogout -->
      </class> <!-- TestCaseClasses.LogoutTest -->
      <class name="TestCaseClasses.ArtMediumTest">
        <test-method is-config="true" signature="artMedium()[pri:0, instance:TestCaseClasses.ArtMediumTest@3d51f06e]" started-at="2023-07-23T11:31:15 IST" name="artMedium" finished-at="2023-07-23T11:31:15 IST" duration-ms="1" status="PASS">
          <reporter-output>
          </reporter-output>
        </test-method> <!-- artMedium -->
        <test-method signature="addArtMediumTest()[pri:12, instance:TestCaseClasses.ArtMediumTest@3d51f06e]" started-at="2023-07-23T11:31:15 IST" name="addArtMediumTest" finished-at="2023-07-23T11:31:20 IST" depends-on-methods="AdminLoginWithValidDetails" duration-ms="4749" status="PASS">
          <reporter-output>
          </reporter-output>
        </test-method> <!-- addArtMediumTest -->
        <test-method signature="updateArtMediumTest()[pri:13, instance:TestCaseClasses.ArtMediumTest@3d51f06e]" started-at="2023-07-23T11:31:20 IST" name="updateArtMediumTest" finished-at="2023-07-23T11:31:30 IST" depends-on-methods="TestCaseClasses.ArtMediumTest.addArtMediumTest" duration-ms="10519" status="PASS">
          <reporter-output>
          </reporter-output>
        </test-method> <!-- updateArtMediumTest -->
        <test-method signature="deleteArtMediumTest()[pri:14, instance:TestCaseClasses.ArtMediumTest@3d51f06e]" started-at="2023-07-23T11:31:30 IST" name="deleteArtMediumTest" finished-at="2023-07-23T11:31:37 IST" depends-on-methods="TestCaseClasses.ArtMediumTest.addArtMediumTest" duration-ms="6473" status="PASS">
          <reporter-output>
          </reporter-output>
        </test-method> <!-- deleteArtMediumTest -->
      </class> <!-- TestCaseClasses.ArtMediumTest -->
      <class name="TestCaseClasses.LoginTest">
        <test-method is-config="true" signature="setupTest()[pri:0, instance:TestCaseClasses.LoginTest@15c43bd9]" started-at="2023-07-23T11:28:02 IST" name="setupTest" finished-at="2023-07-23T11:29:14 IST" duration-ms="72349" status="PASS">
          <reporter-output>
          </reporter-output>
        </test-method> <!-- setupTest -->
        <test-method signature="AdminLoginWithInValidDetails()[pri:0, instance:TestCaseClasses.LoginTest@15c43bd9]" started-at="2023-07-23T11:29:15 IST" name="AdminLoginWithInValidDetails" finished-at="2023-07-23T11:29:21 IST" duration-ms="6351" status="PASS">
          <reporter-output>
          </reporter-output>
        </test-method> <!-- AdminLoginWithInValidDetails -->
        <test-method signature="AdminLoginWithValidDetails()[pri:0, instance:TestCaseClasses.LoginTest@15c43bd9]" started-at="2023-07-23T11:29:21 IST" name="AdminLoginWithValidDetails" finished-at="2023-07-23T11:29:25 IST" depends-on-methods="TestCaseClasses.LoginTest.AdminLoginWithInValidDetails" duration-ms="3990" status="PASS">
          <reporter-output>
          </reporter-output>
        </test-method> <!-- AdminLoginWithValidDetails -->
        <test-method is-config="true" signature="tearDown()[pri:0, instance:TestCaseClasses.LoginTest@15c43bd9]" started-at="2023-07-23T11:38:56 IST" name="tearDown" finished-at="2023-07-23T11:39:20 IST" duration-ms="24210" status="PASS">
          <reporter-output>
          </reporter-output>
        </test-method> <!-- tearDown -->
      </class> <!-- TestCaseClasses.LoginTest -->
      <class name="TestCaseClasses.userEnquiryTest">
        <test-method signature="dropdown()[pri:35, instance:TestCaseClasses.userEnquiryTest@c33b74f]" started-at="2023-07-23T11:35:28 IST" name="dropdown" finished-at="2023-07-23T11:36:58 IST" duration-ms="89210" status="PASS">
          <reporter-output>
          </reporter-output>
        </test-method> <!-- dropdown -->
      </class> <!-- TestCaseClasses.userEnquiryTest -->
      <class name="TestCaseClasses.PagesTest">
        <test-method is-config="true" signature="pages()[pri:0, instance:TestCaseClasses.PagesTest@647e447]" started-at="2023-07-23T11:33:18 IST" name="pages" finished-at="2023-07-23T11:33:18 IST" duration-ms="1" status="PASS">
          <reporter-output>
          </reporter-output>
        </test-method> <!-- pages -->
        <test-method signature="pagesMenuTestaboutus()[pri:24, instance:TestCaseClasses.PagesTest@647e447]" started-at="2023-07-23T11:33:18 IST" name="pagesMenuTestaboutus" finished-at="2023-07-23T11:33:18 IST" depends-on-methods="AdminLoginWithValidDetails" duration-ms="441" status="PASS">
          <reporter-output>
          </reporter-output>
        </test-method> <!-- pagesMenuTestaboutus -->
        <test-method signature="updateAboutUsPageTestaboutus()[pri:25, instance:TestCaseClasses.PagesTest@647e447]" started-at="2023-07-23T11:33:18 IST" name="updateAboutUsPageTestaboutus" finished-at="2023-07-23T11:34:06 IST" depends-on-methods="AdminLoginWithValidDetails" duration-ms="47491" status="PASS">
          <reporter-output>
          </reporter-output>
        </test-method> <!-- updateAboutUsPageTestaboutus -->
        <test-method signature="pagesMenuTestcontactus()[pri:26, instance:TestCaseClasses.PagesTest@647e447]" started-at="2023-07-23T11:34:06 IST" name="pagesMenuTestcontactus" finished-at="2023-07-23T11:34:08 IST" depends-on-methods="AdminLoginWithValidDetails" duration-ms="2214" status="PASS">
          <reporter-output>
          </reporter-output>
        </test-method> <!-- pagesMenuTestcontactus -->
        <test-method signature="updateContactUsPageTestContactUs()[pri:27, instance:TestCaseClasses.PagesTest@647e447]" started-at="2023-07-23T11:34:08 IST" name="updateContactUsPageTestContactUs" finished-at="2023-07-23T11:34:31 IST" depends-on-methods="AdminLoginWithValidDetails" duration-ms="22968" status="PASS">
          <reporter-output>
          </reporter-output>
        </test-method> <!-- updateContactUsPageTestContactUs -->
      </class> <!-- TestCaseClasses.PagesTest -->
      <class name="TestCaseClasses.DashboardDetailsTest">
        <test-method is-config="true" signature="dashboard()[pri:0, instance:TestCaseClasses.DashboardDetailsTest@1cbbffcd]" started-at="2023-07-23T11:29:25 IST" name="dashboard" finished-at="2023-07-23T11:29:25 IST" duration-ms="1" status="PASS">
          <reporter-output>
          </reporter-output>
        </test-method> <!-- dashboard -->
        <test-method signature="artistDetails()[pri:0, instance:TestCaseClasses.DashboardDetailsTest@1cbbffcd]" started-at="2023-07-23T11:29:25 IST" name="artistDetails" finished-at="2023-07-23T11:29:29 IST" depends-on-methods="AdminLoginWithValidDetails" duration-ms="3915" status="PASS">
          <reporter-output>
          </reporter-output>
        </test-method> <!-- artistDetails -->
        <test-method is-config="true" signature="driverNavigateBackward()[pri:0, instance:TestCaseClasses.DashboardDetailsTest@1cbbffcd]" started-at="2023-07-23T11:29:29 IST" name="driverNavigateBackward" finished-at="2023-07-23T11:29:30 IST" duration-ms="1360" status="PASS">
          <reporter-output>
          </reporter-output>
        </test-method> <!-- driverNavigateBackward -->
        <test-method signature="artTypeDetails()[pri:1, instance:TestCaseClasses.DashboardDetailsTest@1cbbffcd]" started-at="2023-07-23T11:29:30 IST" name="artTypeDetails" finished-at="2023-07-23T11:29:33 IST" depends-on-methods="AdminLoginWithValidDetails" duration-ms="2404" status="PASS">
          <reporter-output>
          </reporter-output>
        </test-method> <!-- artTypeDetails -->
        <test-method is-config="true" signature="driverNavigateBackward()[pri:0, instance:TestCaseClasses.DashboardDetailsTest@1cbbffcd]" started-at="2023-07-23T11:29:33 IST" name="driverNavigateBackward" finished-at="2023-07-23T11:29:34 IST" duration-ms="1366" status="PASS">
          <reporter-output>
          </reporter-output>
        </test-method> <!-- driverNavigateBackward -->
        <test-method signature="artMediumDetails()[pri:2, instance:TestCaseClasses.DashboardDetailsTest@1cbbffcd]" started-at="2023-07-23T11:29:34 IST" name="artMediumDetails" finished-at="2023-07-23T11:29:37 IST" depends-on-methods="AdminLoginWithValidDetails" duration-ms="2908" status="PASS">
          <reporter-output>
          </reporter-output>
        </test-method> <!-- artMediumDetails -->
        <test-method is-config="true" signature="driverNavigateBackward()[pri:0, instance:TestCaseClasses.DashboardDetailsTest@1cbbffcd]" started-at="2023-07-23T11:29:37 IST" name="driverNavigateBackward" finished-at="2023-07-23T11:29:38 IST" duration-ms="1033" status="PASS">
          <reporter-output>
          </reporter-output>
        </test-method> <!-- driverNavigateBackward -->
        <test-method signature="artProductDetails()[pri:3, instance:TestCaseClasses.DashboardDetailsTest@1cbbffcd]" started-at="2023-07-23T11:29:38 IST" name="artProductDetails" finished-at="2023-07-23T11:29:41 IST" depends-on-methods="AdminLoginWithValidDetails" duration-ms="3096" status="PASS">
          <reporter-output>
          </reporter-output>
        </test-method> <!-- artProductDetails -->
        <test-method is-config="true" signature="driverNavigateBackward()[pri:0, instance:TestCaseClasses.DashboardDetailsTest@1cbbffcd]" started-at="2023-07-23T11:29:41 IST" name="driverNavigateBackward" finished-at="2023-07-23T11:29:43 IST" duration-ms="1257" status="PASS">
          <reporter-output>
          </reporter-output>
        </test-method> <!-- driverNavigateBackward -->
        <test-method signature="AnsweredEnquiryDetails()[pri:4, instance:TestCaseClasses.DashboardDetailsTest@1cbbffcd]" started-at="2023-07-23T11:29:43 IST" name="AnsweredEnquiryDetails" finished-at="2023-07-23T11:30:15 IST" depends-on-methods="AdminLoginWithValidDetails" duration-ms="32962" status="PASS">
          <reporter-output>
          </reporter-output>
        </test-method> <!-- AnsweredEnquiryDetails -->
        <test-method is-config="true" signature="driverNavigateBackward()[pri:0, instance:TestCaseClasses.DashboardDetailsTest@1cbbffcd]" started-at="2023-07-23T11:30:16 IST" name="driverNavigateBackward" finished-at="2023-07-23T11:30:18 IST" duration-ms="2129" status="PASS">
          <reporter-output>
          </reporter-output>
        </test-method> <!-- driverNavigateBackward -->
        <test-method signature="UnansweredEnquiryDetails()[pri:5, instance:TestCaseClasses.DashboardDetailsTest@1cbbffcd]" started-at="2023-07-23T11:30:18 IST" name="UnansweredEnquiryDetails" finished-at="2023-07-23T11:30:26 IST" depends-on-methods="AdminLoginWithValidDetails" duration-ms="8281" status="PASS">
          <reporter-output>
          </reporter-output>
        </test-method> <!-- UnansweredEnquiryDetails -->
        <test-method is-config="true" signature="driverNavigateBackward()[pri:0, instance:TestCaseClasses.DashboardDetailsTest@1cbbffcd]" started-at="2023-07-23T11:30:26 IST" name="driverNavigateBackward" finished-at="2023-07-23T11:30:27 IST" duration-ms="1410" status="PASS">
          <reporter-output>
          </reporter-output>
        </test-method> <!-- driverNavigateBackward -->
      </class> <!-- TestCaseClasses.DashboardDetailsTest -->
    </test> <!-- test -->
  </suite> <!-- Art Gallery Testing -->
</testng-results>
