<?xml version="1.0" encoding="UTF-8"?>
<testng-results ignored="63" total="71" passed="8" failed="0" skipped="0">
  <reporter-output>
  </reporter-output>
  <suite started-at="2023-07-13T00:41:28 IST" name="Art Gallery Testing" finished-at="2023-07-13T00:41:47 IST" duration-ms="18582">
    <groups>
      <group name="admin">
        <method signature="ArtistTest.addArtistTest()[pri:6, instance:TestCaseClasses.ArtistTest@61862a7f]" name="addArtistTest" class="TestCaseClasses.ArtistTest"/>
        <method signature="ArtistTest.updateArtistTest()[pri:7, instance:TestCaseClasses.ArtistTest@61862a7f]" name="updateArtistTest" class="TestCaseClasses.ArtistTest"/>
        <method signature="ArtistTest.deleteArtistTest()[pri:8, instance:TestCaseClasses.ArtistTest@61862a7f]" name="deleteArtistTest" class="TestCaseClasses.ArtistTest"/>
        <method signature="ArtMediumTest.addArtMediumTest()[pri:12, instance:TestCaseClasses.ArtMediumTest@7334aada]" name="addArtMediumTest" class="TestCaseClasses.ArtMediumTest"/>
        <method signature="ArtMediumTest.updateArtMediumTest()[pri:13, instance:TestCaseClasses.ArtMediumTest@7334aada]" name="updateArtMediumTest" class="TestCaseClasses.ArtMediumTest"/>
        <method signature="ArtMediumTest.deleteArtMediumTest()[pri:14, instance:TestCaseClasses.ArtMediumTest@7334aada]" name="deleteArtMediumTest" class="TestCaseClasses.ArtMediumTest"/>
      </group> <!-- admin -->
      <group name="smoketest">
        <method signature="ArtistTest.addArtistTest()[pri:6, instance:TestCaseClasses.ArtistTest@61862a7f]" name="addArtistTest" class="TestCaseClasses.ArtistTest"/>
        <method signature="ArtistTest.updateArtistTest()[pri:7, instance:TestCaseClasses.ArtistTest@61862a7f]" name="updateArtistTest" class="TestCaseClasses.ArtistTest"/>
        <method signature="ArtistTest.deleteArtistTest()[pri:8, instance:TestCaseClasses.ArtistTest@61862a7f]" name="deleteArtistTest" class="TestCaseClasses.ArtistTest"/>
        <method signature="ArtMediumTest.addArtMediumTest()[pri:12, instance:TestCaseClasses.ArtMediumTest@7334aada]" name="addArtMediumTest" class="TestCaseClasses.ArtMediumTest"/>
        <method signature="ArtMediumTest.updateArtMediumTest()[pri:13, instance:TestCaseClasses.ArtMediumTest@7334aada]" name="updateArtMediumTest" class="TestCaseClasses.ArtMediumTest"/>
        <method signature="ArtMediumTest.deleteArtMediumTest()[pri:14, instance:TestCaseClasses.ArtMediumTest@7334aada]" name="deleteArtMediumTest" class="TestCaseClasses.ArtMediumTest"/>
      </group> <!-- smoketest -->
      <group name="login">
        <method signature="LoginTest.AdminLoginWithInValidDetails()[pri:0, instance:TestCaseClasses.LoginTest@40ef3420]" name="AdminLoginWithInValidDetails" class="TestCaseClasses.LoginTest"/>
        <method signature="LoginTest.AdminLoginWithValidDetails()[pri:0, instance:TestCaseClasses.LoginTest@40ef3420]" name="AdminLoginWithValidDetails" class="TestCaseClasses.LoginTest"/>
      </group> <!-- login -->
    </groups>
    <test started-at="2023-07-13T00:41:28 IST" name="test" finished-at="2023-07-13T00:41:47 IST" duration-ms="18582">
      <class name="TestCaseClasses.ArtMediumTest">
        <test-method is-config="true" signature="artType()[pri:0, instance:TestCaseClasses.ArtMediumTest@7334aada]" started-at="2023-07-13T00:41:41 IST" name="artType" finished-at="2023-07-13T00:41:41 IST" duration-ms="1" status="PASS">
          <reporter-output>
          </reporter-output>
        </test-method> <!-- artType -->
        <test-method signature="addArtMediumTest()[pri:12, instance:TestCaseClasses.ArtMediumTest@7334aada]" started-at="2023-07-13T00:41:41 IST" name="addArtMediumTest" finished-at="2023-07-13T00:41:42 IST" depends-on-methods="AdminLoginWithValidDetails" duration-ms="1301" status="PASS">
          <reporter-output>
          </reporter-output>
        </test-method> <!-- addArtMediumTest -->
        <test-method signature="updateArtMediumTest()[pri:13, instance:TestCaseClasses.ArtMediumTest@7334aada]" started-at="2023-07-13T00:41:42 IST" name="updateArtMediumTest" finished-at="2023-07-13T00:41:46 IST" depends-on-methods="TestCaseClasses.ArtMediumTest.addArtMediumTest" duration-ms="4048" status="PASS">
          <reporter-output>
          </reporter-output>
        </test-method> <!-- updateArtMediumTest -->
        <test-method signature="deleteArtMediumTest()[pri:14, instance:TestCaseClasses.ArtMediumTest@7334aada]" started-at="2023-07-13T00:41:46 IST" name="deleteArtMediumTest" finished-at="2023-07-13T00:41:47 IST" depends-on-methods="TestCaseClasses.ArtMediumTest.addArtMediumTest" duration-ms="927" status="PASS">
          <reporter-output>
          </reporter-output>
        </test-method> <!-- deleteArtMediumTest -->
      </class> <!-- TestCaseClasses.ArtMediumTest -->
      <class name="TestCaseClasses.LoginTest">
        <test-method is-config="true" signature="setupTest()[pri:0, instance:TestCaseClasses.LoginTest@40ef3420]" started-at="2023-07-13T00:41:17 IST" name="setupTest" finished-at="2023-07-13T00:41:28 IST" duration-ms="11701" status="PASS">
          <reporter-output>
          </reporter-output>
        </test-method> <!-- setupTest -->
        <test-method signature="AdminLoginWithInValidDetails()[pri:0, instance:TestCaseClasses.LoginTest@40ef3420]" started-at="2023-07-13T00:41:29 IST" name="AdminLoginWithInValidDetails" finished-at="2023-07-13T00:41:31 IST" duration-ms="1959" status="PASS">
          <reporter-output>
          </reporter-output>
        </test-method> <!-- AdminLoginWithInValidDetails -->
        <test-method signature="AdminLoginWithValidDetails()[pri:0, instance:TestCaseClasses.LoginTest@40ef3420]" started-at="2023-07-13T00:41:31 IST" name="AdminLoginWithValidDetails" finished-at="2023-07-13T00:41:32 IST" depends-on-methods="TestCaseClasses.LoginTest.AdminLoginWithInValidDetails" duration-ms="1127" status="PASS">
          <reporter-output>
          </reporter-output>
        </test-method> <!-- AdminLoginWithValidDetails -->
        <test-method is-config="true" signature="tearDown()[pri:0, instance:TestCaseClasses.LoginTest@40ef3420]" started-at="2023-07-13T00:41:47 IST" name="tearDown" finished-at="2023-07-13T00:41:48 IST" duration-ms="851" status="PASS">
          <reporter-output>
          </reporter-output>
        </test-method> <!-- tearDown -->
      </class> <!-- TestCaseClasses.LoginTest -->
      <class name="TestCaseClasses.ArtistTest">
        <test-method is-config="true" signature="artType()[pri:0, instance:TestCaseClasses.ArtistTest@61862a7f]" started-at="2023-07-13T00:41:32 IST" name="artType" finished-at="2023-07-13T00:41:32 IST" duration-ms="1" status="PASS">
          <reporter-output>
          </reporter-output>
        </test-method> <!-- artType -->
        <test-method signature="addArtistTest()[pri:6, instance:TestCaseClasses.ArtistTest@61862a7f]" started-at="2023-07-13T00:41:32 IST" name="addArtistTest" finished-at="2023-07-13T00:41:34 IST" depends-on-methods="AdminLoginWithValidDetails" duration-ms="1913" status="PASS">
          <reporter-output>
          </reporter-output>
        </test-method> <!-- addArtistTest -->
        <test-method signature="updateArtistTest()[pri:7, instance:TestCaseClasses.ArtistTest@61862a7f]" started-at="2023-07-13T00:41:34 IST" name="updateArtistTest" finished-at="2023-07-13T00:41:40 IST" depends-on-methods="TestCaseClasses.ArtistTest.addArtistTest" duration-ms="6161" status="PASS">
          <reporter-output>
          </reporter-output>
        </test-method> <!-- updateArtistTest -->
        <test-method signature="deleteArtistTest()[pri:8, instance:TestCaseClasses.ArtistTest@61862a7f]" started-at="2023-07-13T00:41:40 IST" name="deleteArtistTest" finished-at="2023-07-13T00:41:41 IST" depends-on-methods="TestCaseClasses.ArtistTest.addArtistTest" duration-ms="970" status="PASS">
          <reporter-output>
          </reporter-output>
        </test-method> <!-- deleteArtistTest -->
      </class> <!-- TestCaseClasses.ArtistTest -->
    </test> <!-- test -->
  </suite> <!-- Art Gallery Testing -->
</testng-results>
