<?xml version="1.0" encoding="UTF-8"?>
<testng-results ignored="0" total="4" passed="4" failed="0" skipped="0">
  <reporter-output>
  </reporter-output>
  <suite started-at="2023-05-25T11:44:21 IST" name="Art Gallery Testing" finished-at="2023-05-25T11:44:21 IST" duration-ms="0">
    <groups>
    </groups>
  </suite> <!-- Art Gallery Testing -->
  <suite started-at="2023-05-25T11:43:05 IST" name="Dashboard Details" finished-at="2023-05-25T11:44:18 IST" duration-ms="73519">
    <groups>
    </groups>
    <test started-at="2023-05-25T11:43:05 IST" name="Test" finished-at="2023-05-25T11:44:18 IST" duration-ms="73519">
      <class name="TestCaseClasses.DashboardDetailsTest">
        <test-method is-config="true" signature="setupDriver()[pri:0, instance:TestCaseClasses.DashboardDetailsTest@ef9296d]" started-at="2023-05-25T11:43:05 IST" name="setupDriver" finished-at="2023-05-25T11:43:56 IST" duration-ms="51011" status="PASS">
          <reporter-output>
          </reporter-output>
        </test-method> <!-- setupDriver -->
        <test-method signature="artistDetails()[pri:0, instance:TestCaseClasses.DashboardDetailsTest@ef9296d]" started-at="2023-05-25T11:43:56 IST" name="artistDetails" finished-at="2023-05-25T11:44:01 IST" duration-ms="5012" status="PASS">
          <reporter-output>
          </reporter-output>
        </test-method> <!-- artistDetails -->
        <test-method is-config="true" signature="driverNavigateBackward()[pri:0, instance:TestCaseClasses.DashboardDetailsTest@ef9296d]" started-at="2023-05-25T11:44:01 IST" name="driverNavigateBackward" finished-at="2023-05-25T11:44:02 IST" duration-ms="785" status="PASS">
          <reporter-output>
          </reporter-output>
        </test-method> <!-- driverNavigateBackward -->
        <test-method signature="artTypeDetails()[pri:0, instance:TestCaseClasses.DashboardDetailsTest@ef9296d]" started-at="2023-05-25T11:44:02 IST" name="artTypeDetails" finished-at="2023-05-25T11:44:04 IST" duration-ms="2055" status="PASS">
          <reporter-output>
          </reporter-output>
        </test-method> <!-- artTypeDetails -->
        <test-method is-config="true" signature="driverNavigateBackward()[pri:0, instance:TestCaseClasses.DashboardDetailsTest@ef9296d]" started-at="2023-05-25T11:44:04 IST" name="driverNavigateBackward" finished-at="2023-05-25T11:44:04 IST" duration-ms="567" status="PASS">
          <reporter-output>
          </reporter-output>
        </test-method> <!-- driverNavigateBackward -->
        <test-method signature="artMediumDetails()[pri:0, instance:TestCaseClasses.DashboardDetailsTest@ef9296d]" started-at="2023-05-25T11:44:04 IST" name="artMediumDetails" finished-at="2023-05-25T11:44:07 IST" duration-ms="2607" status="PASS">
          <reporter-output>
          </reporter-output>
        </test-method> <!-- artMediumDetails -->
        <test-method is-config="true" signature="driverNavigateBackward()[pri:0, instance:TestCaseClasses.DashboardDetailsTest@ef9296d]" started-at="2023-05-25T11:44:07 IST" name="driverNavigateBackward" finished-at="2023-05-25T11:44:08 IST" duration-ms="864" status="PASS">
          <reporter-output>
          </reporter-output>
        </test-method> <!-- driverNavigateBackward -->
        <test-method signature="artProductDetails()[pri:0, instance:TestCaseClasses.DashboardDetailsTest@ef9296d]" started-at="2023-05-25T11:44:08 IST" name="artProductDetails" finished-at="2023-05-25T11:44:10 IST" duration-ms="1839" status="PASS">
          <reporter-output>
          </reporter-output>
        </test-method> <!-- artProductDetails -->
        <test-method is-config="true" signature="driverNavigateBackward()[pri:0, instance:TestCaseClasses.DashboardDetailsTest@ef9296d]" started-at="2023-05-25T11:44:10 IST" name="driverNavigateBackward" finished-at="2023-05-25T11:44:10 IST" duration-ms="628" status="PASS">
          <reporter-output>
          </reporter-output>
        </test-method> <!-- driverNavigateBackward -->
        <test-method is-config="true" signature="tearDown()[pri:0, instance:TestCaseClasses.DashboardDetailsTest@ef9296d]" started-at="2023-05-25T11:44:10 IST" name="tearDown" finished-at="2023-05-25T11:44:18 IST" duration-ms="7931" status="PASS">
          <reporter-output>
          </reporter-output>
        </test-method> <!-- tearDown -->
      </class> <!-- TestCaseClasses.DashboardDetailsTest -->
    </test> <!-- Test -->
  </suite> <!-- Dashboard Details -->
</testng-results>
