<?xml version="1.0" encoding="UTF-8"?>
<testng-results ignored="58" total="71" passed="13" failed="0" skipped="0">
  <reporter-output>
  </reporter-output>
  <suite started-at="2023-07-28T15:38:58 IST" name="Art Gallery Testing" finished-at="2023-07-28T15:49:26 IST" duration-ms="627829">
    <groups>
      <group name="logout">
        <method signature="LogoutTest.AdminLogout()[pri:28, instance:TestCaseClasses.LogoutTest@c33b74f]" name="AdminLogout" class="TestCaseClasses.LogoutTest"/>
      </group> <!-- logout -->
      <group name="regression">
        <method signature="userNavbarTest.home()[pri:29, instance:TestCaseClasses.userNavbarTest@130161f7]" name="home" class="TestCaseClasses.userNavbarTest"/>
        <method signature="userNavbarTest.about()[pri:30, instance:TestCaseClasses.userNavbarTest@130161f7]" name="about" class="TestCaseClasses.userNavbarTest"/>
        <method signature="userNavbarTest.arttype()[pri:31, instance:TestCaseClasses.userNavbarTest@130161f7]" name="arttype" class="TestCaseClasses.userNavbarTest"/>
        <method signature="userNavbarTest.contactus()[pri:32, instance:TestCaseClasses.userNavbarTest@130161f7]" name="contactus" class="TestCaseClasses.userNavbarTest"/>
        <method signature="userNavbarTest.admin()[pri:33, instance:TestCaseClasses.userNavbarTest@130161f7]" name="admin" class="TestCaseClasses.userNavbarTest"/>
        <method signature="userDropdownTest.dropdown()[pri:34, instance:TestCaseClasses.userDropdownTest@2c767a52]" name="dropdown" class="TestCaseClasses.userDropdownTest"/>
        <method signature="userViewDetatilsTest.search()[pri:37, instance:TestCaseClasses.userViewDetatilsTest@68999068]" name="search" class="TestCaseClasses.userViewDetatilsTest"/>
      </group> <!-- regression -->
      <group name="login">
        <method signature="LoginTest.AdminLoginWithInValidDetails()[pri:0, instance:TestCaseClasses.LoginTest@15eb5ee5]" name="AdminLoginWithInValidDetails" class="TestCaseClasses.LoginTest"/>
        <method signature="LoginTest.AdminLoginWithValidDetails()[pri:0, instance:TestCaseClasses.LoginTest@15eb5ee5]" name="AdminLoginWithValidDetails" class="TestCaseClasses.LoginTest"/>
      </group> <!-- login -->
      <group name="user">
        <method signature="userNavbarTest.home()[pri:29, instance:TestCaseClasses.userNavbarTest@130161f7]" name="home" class="TestCaseClasses.userNavbarTest"/>
        <method signature="userNavbarTest.about()[pri:30, instance:TestCaseClasses.userNavbarTest@130161f7]" name="about" class="TestCaseClasses.userNavbarTest"/>
        <method signature="userNavbarTest.arttype()[pri:31, instance:TestCaseClasses.userNavbarTest@130161f7]" name="arttype" class="TestCaseClasses.userNavbarTest"/>
        <method signature="userNavbarTest.contactus()[pri:32, instance:TestCaseClasses.userNavbarTest@130161f7]" name="contactus" class="TestCaseClasses.userNavbarTest"/>
        <method signature="userNavbarTest.admin()[pri:33, instance:TestCaseClasses.userNavbarTest@130161f7]" name="admin" class="TestCaseClasses.userNavbarTest"/>
        <method signature="userDropdownTest.dropdown()[pri:34, instance:TestCaseClasses.userDropdownTest@2c767a52]" name="dropdown" class="TestCaseClasses.userDropdownTest"/>
        <method signature="userEnquiryTest.dropdown()[pri:35, instance:TestCaseClasses.userEnquiryTest@619713e5]" name="dropdown" class="TestCaseClasses.userEnquiryTest"/>
        <method signature="userLinksTest.linkcheck()[pri:36, instance:TestCaseClasses.userLinksTest@708f5957]" name="linkcheck" class="TestCaseClasses.userLinksTest"/>
        <method signature="userViewDetatilsTest.search()[pri:37, instance:TestCaseClasses.userViewDetatilsTest@68999068]" name="search" class="TestCaseClasses.userViewDetatilsTest"/>
        <method signature="userSearchTest.search()[pri:38, instance:TestCaseClasses.userSearchTest@7722c3c3]" name="search" class="TestCaseClasses.userSearchTest"/>
      </group> <!-- user -->
    </groups>
    <test started-at="2023-07-28T15:38:58 IST" name="test" finished-at="2023-07-28T15:49:26 IST" duration-ms="627829">
      <class name="TestCaseClasses.LoginTest">
        <test-method is-config="true" signature="setupTest()[pri:0, instance:TestCaseClasses.LoginTest@15eb5ee5]" started-at="2023-07-28T15:38:00 IST" name="setupTest" finished-at="2023-07-28T15:38:58 IST" duration-ms="57959" status="PASS">
          <reporter-output>
          </reporter-output>
        </test-method> <!-- setupTest -->
        <test-method is-config="true" signature="login()[pri:0, instance:TestCaseClasses.LoginTest@15eb5ee5]" started-at="2023-07-28T15:38:58 IST" name="login" finished-at="2023-07-28T15:38:58 IST" duration-ms="1" status="PASS">
          <reporter-output>
          </reporter-output>
        </test-method> <!-- login -->
        <test-method signature="AdminLoginWithInValidDetails()[pri:0, instance:TestCaseClasses.LoginTest@15eb5ee5]" started-at="2023-07-28T15:38:59 IST" name="AdminLoginWithInValidDetails" finished-at="2023-07-28T15:39:22 IST" duration-ms="23878" status="PASS">
          <reporter-output>
          </reporter-output>
        </test-method> <!-- AdminLoginWithInValidDetails -->
        <test-method signature="AdminLoginWithValidDetails()[pri:0, instance:TestCaseClasses.LoginTest@15eb5ee5]" started-at="2023-07-28T15:39:23 IST" name="AdminLoginWithValidDetails" finished-at="2023-07-28T15:39:28 IST" depends-on-methods="TestCaseClasses.LoginTest.AdminLoginWithInValidDetails" duration-ms="5970" status="PASS">
          <reporter-output>
          </reporter-output>
        </test-method> <!-- AdminLoginWithValidDetails -->
        <test-method is-config="true" signature="tearDown()[pri:0, instance:TestCaseClasses.LoginTest@15eb5ee5]" started-at="2023-07-28T15:49:27 IST" name="tearDown" finished-at="2023-07-28T15:49:45 IST" duration-ms="18472" status="PASS">
          <reporter-output>
          </reporter-output>
        </test-method> <!-- tearDown -->
      </class> <!-- TestCaseClasses.LoginTest -->
      <class name="TestCaseClasses.userViewDetatilsTest">
        <test-method signature="search()[pri:37, instance:TestCaseClasses.userViewDetatilsTest@68999068]" started-at="2023-07-28T15:48:09 IST" name="search" finished-at="2023-07-28T15:49:20 IST" duration-ms="71043" status="PASS">
          <reporter-output>
          </reporter-output>
        </test-method> <!-- search -->
      </class> <!-- TestCaseClasses.userViewDetatilsTest -->
      <class name="TestCaseClasses.userLinksTest">
        <test-method signature="linkcheck()[pri:36, instance:TestCaseClasses.userLinksTest@708f5957]" started-at="2023-07-28T15:47:40 IST" name="linkcheck" finished-at="2023-07-28T15:48:09 IST" duration-ms="28818" status="PASS">
          <reporter-output>
          </reporter-output>
        </test-method> <!-- linkcheck -->
      </class> <!-- TestCaseClasses.userLinksTest -->
      <class name="TestCaseClasses.userEnquiryTest">
        <test-method signature="dropdown()[pri:35, instance:TestCaseClasses.userEnquiryTest@619713e5]" started-at="2023-07-28T15:46:28 IST" name="dropdown" finished-at="2023-07-28T15:47:40 IST" duration-ms="72582" status="PASS">
          <reporter-output>
          </reporter-output>
        </test-method> <!-- dropdown -->
      </class> <!-- TestCaseClasses.userEnquiryTest -->
      <class name="TestCaseClasses.userSearchTest">
        <test-method signature="search()[pri:38, instance:TestCaseClasses.userSearchTest@7722c3c3]" started-at="2023-07-28T15:49:20 IST" name="search" finished-at="2023-07-28T15:49:26 IST" duration-ms="6235" status="PASS">
          <reporter-output>
          </reporter-output>
        </test-method> <!-- search -->
      </class> <!-- TestCaseClasses.userSearchTest -->
      <class name="TestCaseClasses.userDropdownTest">
        <test-method signature="dropdown()[pri:34, instance:TestCaseClasses.userDropdownTest@2c767a52]" started-at="2023-07-28T15:43:16 IST" name="dropdown" finished-at="2023-07-28T15:46:27 IST" duration-ms="191382" status="PASS">
          <reporter-output>
          </reporter-output>
        </test-method> <!-- dropdown -->
      </class> <!-- TestCaseClasses.userDropdownTest -->
      <class name="TestCaseClasses.userNavbarTest">
        <test-method signature="home()[pri:29, instance:TestCaseClasses.userNavbarTest@130161f7]" started-at="2023-07-28T15:39:48 IST" name="home" finished-at="2023-07-28T15:40:09 IST" duration-ms="21732" status="PASS">
          <reporter-output>
          </reporter-output>
        </test-method> <!-- home -->
        <test-method signature="about()[pri:30, instance:TestCaseClasses.userNavbarTest@130161f7]" started-at="2023-07-28T15:40:09 IST" name="about" finished-at="2023-07-28T15:40:21 IST" duration-ms="11233" status="PASS">
          <reporter-output>
          </reporter-output>
        </test-method> <!-- about -->
        <test-method signature="arttype()[pri:31, instance:TestCaseClasses.userNavbarTest@130161f7]" started-at="2023-07-28T15:40:21 IST" name="arttype" finished-at="2023-07-28T15:40:21 IST" duration-ms="671" status="PASS">
          <reporter-output>
          </reporter-output>
        </test-method> <!-- arttype -->
        <test-method signature="contactus()[pri:32, instance:TestCaseClasses.userNavbarTest@130161f7]" started-at="2023-07-28T15:40:21 IST" name="contactus" finished-at="2023-07-28T15:40:23 IST" duration-ms="1476" status="PASS">
          <reporter-output>
          </reporter-output>
        </test-method> <!-- contactus -->
        <test-method signature="admin()[pri:33, instance:TestCaseClasses.userNavbarTest@130161f7]" started-at="2023-07-28T15:40:23 IST" name="admin" finished-at="2023-07-28T15:43:16 IST" duration-ms="173447" status="PASS">
          <reporter-output>
          </reporter-output>
        </test-method> <!-- admin -->
      </class> <!-- TestCaseClasses.userNavbarTest -->
      <class name="TestCaseClasses.LogoutTest">
        <test-method signature="AdminLogout()[pri:28, instance:TestCaseClasses.LogoutTest@c33b74f]" started-at="2023-07-28T15:39:29 IST" name="AdminLogout" finished-at="2023-07-28T15:39:48 IST" duration-ms="19043" status="PASS">
          <reporter-output>
          </reporter-output>
        </test-method> <!-- AdminLogout -->
      </class> <!-- TestCaseClasses.LogoutTest -->
    </test> <!-- test -->
  </suite> <!-- Art Gallery Testing -->
</testng-results>
