<?xml version="1.0" encoding="UTF-8"?>
<!-- Generated by org.testng.reporters.JUnitXMLReporter -->
<testsuite ignored="0" hostname="Anuj" failures="0" tests="4" name="Test" time="73.519" errors="0" timestamp="2023-05-25T11:44:20 IST">
  <testcase classname="TestCaseClasses.DashboardDetailsTest" name="artistDetails" time="5.012"/>
  <testcase classname="TestCaseClasses.DashboardDetailsTest" name="artTypeDetails" time="2.055"/>
  <testcase classname="TestCaseClasses.DashboardDetailsTest" name="artMediumDetails" time="2.607"/>
  <testcase classname="TestCaseClasses.DashboardDetailsTest" name="artProductDetails" time="1.839"/>
</testsuite> <!-- Test -->
